running egg_info
writing ../../build/robot_controller_1/robot_controller_1.egg-info/PKG-INFO
writing dependency_links to ../../build/robot_controller_1/robot_controller_1.egg-info/dependency_links.txt
writing entry points to ../../build/robot_controller_1/robot_controller_1.egg-info/entry_points.txt
writing requirements to ../../build/robot_controller_1/robot_controller_1.egg-info/requires.txt
writing top-level names to ../../build/robot_controller_1/robot_controller_1.egg-info/top_level.txt
reading manifest file '../../build/robot_controller_1/robot_controller_1.egg-info/SOURCES.txt'
writing manifest file '../../build/robot_controller_1/robot_controller_1.egg-info/SOURCES.txt'
running build
running build_py
copying robot_controller_1/object_detector1.py -> /home/kanixre/ros_ws1_wsl/ros2_ws1/build/robot_controller_1/build/lib/robot_controller_1
copying robot_controller_1/object_counter1.py -> /home/kanixre/ros_ws1_wsl/ros2_ws1/build/robot_controller_1/build/lib/robot_controller_1
copying robot_controller_1/robot_nav1.py -> /home/kanixre/ros_ws1_wsl/ros2_ws1/build/robot_controller_1/build/lib/robot_controller_1
running install
running install_lib
copying /home/kanixre/ros_ws1_wsl/ros2_ws1/build/robot_controller_1/build/lib/robot_controller_1/object_detector1.py -> /home/kanixre/ros_ws1_wsl/ros2_ws1/install/robot_controller_1/lib/python3.10/site-packages/robot_controller_1
copying /home/kanixre/ros_ws1_wsl/ros2_ws1/build/robot_controller_1/build/lib/robot_controller_1/object_counter1.py -> /home/kanixre/ros_ws1_wsl/ros2_ws1/install/robot_controller_1/lib/python3.10/site-packages/robot_controller_1
copying /home/kanixre/ros_ws1_wsl/ros2_ws1/build/robot_controller_1/build/lib/robot_controller_1/robot_nav1.py -> /home/kanixre/ros_ws1_wsl/ros2_ws1/install/robot_controller_1/lib/python3.10/site-packages/robot_controller_1
byte-compiling /home/kanixre/ros_ws1_wsl/ros2_ws1/install/robot_controller_1/lib/python3.10/site-packages/robot_controller_1/object_detector1.py to object_detector1.cpython-310.pyc
byte-compiling /home/kanixre/ros_ws1_wsl/ros2_ws1/install/robot_controller_1/lib/python3.10/site-packages/robot_controller_1/object_counter1.py to object_counter1.cpython-310.pyc
byte-compiling /home/kanixre/ros_ws1_wsl/ros2_ws1/install/robot_controller_1/lib/python3.10/site-packages/robot_controller_1/robot_nav1.py to robot_nav1.cpython-310.pyc
running install_data
running install_egg_info
removing '/home/kanixre/ros_ws1_wsl/ros2_ws1/install/robot_controller_1/lib/python3.10/site-packages/robot_controller_1-0.0.0-py3.10.egg-info' (and everything under it)
Copying ../../build/robot_controller_1/robot_controller_1.egg-info to /home/kanixre/ros_ws1_wsl/ros2_ws1/install/robot_controller_1/lib/python3.10/site-packages/robot_controller_1-0.0.0-py3.10.egg-info
running install_scripts
Installing object_detector = robot_controller_1.object_detector1:mainrobot_nav = robot_controller_1.robot_nav1:mainobject_counter script to /home/kanixre/ros_ws1_wsl/ros2_ws1/install/robot_controller_1/lib/robot_controller_1
writing list of installed files to '/home/kanixre/ros_ws1_wsl/ros2_ws1/build/robot_controller_1/install.log'
