[0.873s] Invoking command in '/home/kanixre/ros_ws1_wsl/ros2_ws1/src/robot_controller_1': PYTHONPATH=/home/kanixre/ros_ws1_wsl/ros2_ws1/build/robot_controller_1/prefix_override:/home/kanixre/ros_ws1_wsl/ros2_ws1/install/robot_controller_1/lib/python3.10/site-packages:${PYTHONPATH} /usr/bin/python3 setup.py egg_info --egg-base ../../build/robot_controller_1 build --build-base /home/kanixre/ros_ws1_wsl/ros2_ws1/build/robot_controller_1/build install --record /home/kanixre/ros_ws1_wsl/ros2_ws1/build/robot_controller_1/install.log --single-version-externally-managed
[1.073s] running egg_info
[1.074s] writing ../../build/robot_controller_1/robot_controller_1.egg-info/PKG-INFO
[1.074s] writing dependency_links to ../../build/robot_controller_1/robot_controller_1.egg-info/dependency_links.txt
[1.074s] writing entry points to ../../build/robot_controller_1/robot_controller_1.egg-info/entry_points.txt
[1.075s] writing requirements to ../../build/robot_controller_1/robot_controller_1.egg-info/requires.txt
[1.075s] writing top-level names to ../../build/robot_controller_1/robot_controller_1.egg-info/top_level.txt
[1.077s] reading manifest file '../../build/robot_controller_1/robot_controller_1.egg-info/SOURCES.txt'
[1.078s] writing manifest file '../../build/robot_controller_1/robot_controller_1.egg-info/SOURCES.txt'
[1.078s] running build
[1.078s] running build_py
[1.079s] copying robot_controller_1/object_detector1.py -> /home/kanixre/ros_ws1_wsl/ros2_ws1/build/robot_controller_1/build/lib/robot_controller_1
[1.079s] copying robot_controller_1/object_counter1.py -> /home/kanixre/ros_ws1_wsl/ros2_ws1/build/robot_controller_1/build/lib/robot_controller_1
[1.079s] copying robot_controller_1/robot_nav1.py -> /home/kanixre/ros_ws1_wsl/ros2_ws1/build/robot_controller_1/build/lib/robot_controller_1
[1.079s] running install
[1.080s] running install_lib
[1.080s] copying /home/kanixre/ros_ws1_wsl/ros2_ws1/build/robot_controller_1/build/lib/robot_controller_1/object_detector1.py -> /home/kanixre/ros_ws1_wsl/ros2_ws1/install/robot_controller_1/lib/python3.10/site-packages/robot_controller_1
[1.081s] copying /home/kanixre/ros_ws1_wsl/ros2_ws1/build/robot_controller_1/build/lib/robot_controller_1/object_counter1.py -> /home/kanixre/ros_ws1_wsl/ros2_ws1/install/robot_controller_1/lib/python3.10/site-packages/robot_controller_1
[1.081s] copying /home/kanixre/ros_ws1_wsl/ros2_ws1/build/robot_controller_1/build/lib/robot_controller_1/robot_nav1.py -> /home/kanixre/ros_ws1_wsl/ros2_ws1/install/robot_controller_1/lib/python3.10/site-packages/robot_controller_1
[1.082s] byte-compiling /home/kanixre/ros_ws1_wsl/ros2_ws1/install/robot_controller_1/lib/python3.10/site-packages/robot_controller_1/object_detector1.py to object_detector1.cpython-310.pyc
[1.085s] byte-compiling /home/kanixre/ros_ws1_wsl/ros2_ws1/install/robot_controller_1/lib/python3.10/site-packages/robot_controller_1/object_counter1.py to object_counter1.cpython-310.pyc
[1.086s] byte-compiling /home/kanixre/ros_ws1_wsl/ros2_ws1/install/robot_controller_1/lib/python3.10/site-packages/robot_controller_1/robot_nav1.py to robot_nav1.cpython-310.pyc
[1.087s] running install_data
[1.087s] running install_egg_info
[1.090s] removing '/home/kanixre/ros_ws1_wsl/ros2_ws1/install/robot_controller_1/lib/python3.10/site-packages/robot_controller_1-0.0.0-py3.10.egg-info' (and everything under it)
[1.090s] Copying ../../build/robot_controller_1/robot_controller_1.egg-info to /home/kanixre/ros_ws1_wsl/ros2_ws1/install/robot_controller_1/lib/python3.10/site-packages/robot_controller_1-0.0.0-py3.10.egg-info
[1.092s] running install_scripts
[1.111s] Installing object_counter script to /home/kanixre/ros_ws1_wsl/ros2_ws1/install/robot_controller_1/lib/robot_controller_1
[1.111s] Installing object_detector script to /home/kanixre/ros_ws1_wsl/ros2_ws1/install/robot_controller_1/lib/robot_controller_1
[1.112s] Installing robot_nav script to /home/kanixre/ros_ws1_wsl/ros2_ws1/install/robot_controller_1/lib/robot_controller_1
[1.112s] writing list of installed files to '/home/kanixre/ros_ws1_wsl/ros2_ws1/build/robot_controller_1/install.log'
[1.151s] Invoked command in '/home/kanixre/ros_ws1_wsl/ros2_ws1/src/robot_controller_1' returned '0': PYTHONPATH=/home/kanixre/ros_ws1_wsl/ros2_ws1/build/robot_controller_1/prefix_override:/home/kanixre/ros_ws1_wsl/ros2_ws1/install/robot_controller_1/lib/python3.10/site-packages:${PYTHONPATH} /usr/bin/python3 setup.py egg_info --egg-base ../../build/robot_controller_1 build --build-base /home/kanixre/ros_ws1_wsl/ros2_ws1/build/robot_controller_1/build install --record /home/kanixre/ros_ws1_wsl/ros2_ws1/build/robot_controller_1/install.log --single-version-externally-managed
