[4.372s] DEBUG:colcon:Command line arguments: ['/usr/bin/colcon', 'build', '--symlink-install']
[4.372s] DEBUG:colcon:Parsed command line arguments: Namespace(log_base=None, log_level=None, verb_name='build', build_base='build', install_base='install', merge_install=False, symlink_install=True, test_result_base=None, continue_on_error=False, executor='parallel', parallel_workers=2, event_handlers=None, ignore_user_meta=False, metas=['./colcon.meta'], base_paths=['.'], packages_ignore=None, packages_ignore_regex=None, paths=None, packages_up_to=None, packages_up_to_regex=None, packages_above=None, packages_above_and_dependencies=None, packages_above_depth=None, packages_select_by_dep=None, packages_skip_by_dep=None, packages_skip_up_to=None, packages_select_build_failed=False, packages_skip_build_finished=False, packages_select_test_failures=False, packages_skip_test_passed=False, packages_select=None, packages_skip=None, packages_select_regex=None, packages_skip_regex=None, packages_start=None, packages_end=None, allow_overriding=[], cmake_args=None, cmake_target=None, cmake_target_skip_unavailable=False, cmake_clean_cache=False, cmake_clean_first=False, cmake_force_configure=False, ament_cmake_args=None, catkin_cmake_args=None, catkin_skip_building_tests=False, verb_parser=<colcon_defaults.argument_parser.defaults.DefaultArgumentsDecorator object at 0x7f008cf60d00>, verb_extension=<colcon_core.verb.build.BuildVerb object at 0x7f008d3cbc10>, main=<bound method BuildVerb.main of <colcon_core.verb.build.BuildVerb object at 0x7f008d3cbc10>>)
[4.468s] Level 1:colcon.colcon_core.package_discovery:discover_packages(colcon_meta) check parameters
[4.468s] Level 1:colcon.colcon_core.package_discovery:discover_packages(recursive) check parameters
[4.468s] Level 1:colcon.colcon_core.package_discovery:discover_packages(ignore) check parameters
[4.468s] Level 1:colcon.colcon_core.package_discovery:discover_packages(path) check parameters
[4.468s] Level 1:colcon.colcon_core.package_discovery:discover_packages(colcon_meta) discover
[4.468s] Level 1:colcon.colcon_core.package_discovery:discover_packages(recursive) discover
[4.468s] INFO:colcon.colcon_core.package_discovery:Crawling recursively for packages in '/home/kanixre/ros2_ws'
[4.468s] Level 1:colcon.colcon_core.package_identification:_identify(.) by extensions ['ignore', 'ignore_ament_install']
[4.468s] Level 1:colcon.colcon_core.package_identification:_identify(.) by extension 'ignore'
[4.468s] Level 1:colcon.colcon_core.package_identification:_identify(.) by extension 'ignore_ament_install'
[4.468s] Level 1:colcon.colcon_core.package_identification:_identify(.) by extensions ['colcon_pkg']
[4.468s] Level 1:colcon.colcon_core.package_identification:_identify(.) by extension 'colcon_pkg'
[4.469s] Level 1:colcon.colcon_core.package_identification:_identify(.) by extensions ['colcon_meta']
[4.469s] Level 1:colcon.colcon_core.package_identification:_identify(.) by extension 'colcon_meta'
[4.469s] Level 1:colcon.colcon_core.package_identification:_identify(.) by extensions ['ros']
[4.469s] Level 1:colcon.colcon_core.package_identification:_identify(.) by extension 'ros'
[4.494s] Level 1:colcon.colcon_core.package_identification:_identify(.) by extensions ['cmake', 'python']
[4.494s] Level 1:colcon.colcon_core.package_identification:_identify(.) by extension 'cmake'
[4.495s] Level 1:colcon.colcon_core.package_identification:_identify(.) by extension 'python'
[4.495s] Level 1:colcon.colcon_core.package_identification:_identify(.) by extensions ['python_setup_py']
[4.495s] Level 1:colcon.colcon_core.package_identification:_identify(.) by extension 'python_setup_py'
[4.495s] Level 1:colcon.colcon_core.package_identification:_identify(build) by extensions ['ignore', 'ignore_ament_install']
[4.495s] Level 1:colcon.colcon_core.package_identification:_identify(build) by extension 'ignore'
[4.495s] Level 1:colcon.colcon_core.package_identification:_identify(build) ignored
[4.495s] Level 1:colcon.colcon_core.package_identification:_identify(install) by extensions ['ignore', 'ignore_ament_install']
[4.496s] Level 1:colcon.colcon_core.package_identification:_identify(install) by extension 'ignore'
[4.496s] Level 1:colcon.colcon_core.package_identification:_identify(install) ignored
[4.496s] Level 1:colcon.colcon_core.package_identification:_identify(log) by extensions ['ignore', 'ignore_ament_install']
[4.496s] Level 1:colcon.colcon_core.package_identification:_identify(log) by extension 'ignore'
[4.496s] Level 1:colcon.colcon_core.package_identification:_identify(log) ignored
[4.496s] Level 1:colcon.colcon_core.package_identification:_identify(src) by extensions ['ignore', 'ignore_ament_install']
[4.496s] Level 1:colcon.colcon_core.package_identification:_identify(src) by extension 'ignore'
[4.496s] Level 1:colcon.colcon_core.package_identification:_identify(src) by extension 'ignore_ament_install'
[4.496s] Level 1:colcon.colcon_core.package_identification:_identify(src) by extensions ['colcon_pkg']
[4.496s] Level 1:colcon.colcon_core.package_identification:_identify(src) by extension 'colcon_pkg'
[4.496s] Level 1:colcon.colcon_core.package_identification:_identify(src) by extensions ['colcon_meta']
[4.496s] Level 1:colcon.colcon_core.package_identification:_identify(src) by extension 'colcon_meta'
[4.496s] Level 1:colcon.colcon_core.package_identification:_identify(src) by extensions ['ros']
[4.496s] Level 1:colcon.colcon_core.package_identification:_identify(src) by extension 'ros'
[4.497s] Level 1:colcon.colcon_core.package_identification:_identify(src) by extensions ['cmake', 'python']
[4.497s] Level 1:colcon.colcon_core.package_identification:_identify(src) by extension 'cmake'
[4.497s] Level 1:colcon.colcon_core.package_identification:_identify(src) by extension 'python'
[4.497s] Level 1:colcon.colcon_core.package_identification:_identify(src) by extensions ['python_setup_py']
[4.497s] Level 1:colcon.colcon_core.package_identification:_identify(src) by extension 'python_setup_py'
[4.497s] Level 1:colcon.colcon_core.package_identification:_identify(src/RobotProgWork1) by extensions ['ignore', 'ignore_ament_install']
[4.497s] Level 1:colcon.colcon_core.package_identification:_identify(src/RobotProgWork1) by extension 'ignore'
[4.497s] Level 1:colcon.colcon_core.package_identification:_identify(src/RobotProgWork1) by extension 'ignore_ament_install'
[4.497s] Level 1:colcon.colcon_core.package_identification:_identify(src/RobotProgWork1) by extensions ['colcon_pkg']
[4.497s] Level 1:colcon.colcon_core.package_identification:_identify(src/RobotProgWork1) by extension 'colcon_pkg'
[4.497s] Level 1:colcon.colcon_core.package_identification:_identify(src/RobotProgWork1) by extensions ['colcon_meta']
[4.497s] Level 1:colcon.colcon_core.package_identification:_identify(src/RobotProgWork1) by extension 'colcon_meta'
[4.497s] Level 1:colcon.colcon_core.package_identification:_identify(src/RobotProgWork1) by extensions ['ros']
[4.497s] Level 1:colcon.colcon_core.package_identification:_identify(src/RobotProgWork1) by extension 'ros'
[4.497s] Level 1:colcon.colcon_core.package_identification:_identify(src/RobotProgWork1) by extensions ['cmake', 'python']
[4.497s] Level 1:colcon.colcon_core.package_identification:_identify(src/RobotProgWork1) by extension 'cmake'
[4.497s] Level 1:colcon.colcon_core.package_identification:_identify(src/RobotProgWork1) by extension 'python'
[4.497s] Level 1:colcon.colcon_core.package_identification:_identify(src/RobotProgWork1) by extensions ['python_setup_py']
[4.497s] Level 1:colcon.colcon_core.package_identification:_identify(src/RobotProgWork1) by extension 'python_setup_py'
[4.497s] Level 1:colcon.colcon_core.package_identification:_identify(src/opencv_test) by extensions ['ignore', 'ignore_ament_install']
[4.498s] Level 1:colcon.colcon_core.package_identification:_identify(src/opencv_test) by extension 'ignore'
[4.498s] Level 1:colcon.colcon_core.package_identification:_identify(src/opencv_test) by extension 'ignore_ament_install'
[4.498s] Level 1:colcon.colcon_core.package_identification:_identify(src/opencv_test) by extensions ['colcon_pkg']
[4.498s] Level 1:colcon.colcon_core.package_identification:_identify(src/opencv_test) by extension 'colcon_pkg'
[4.498s] Level 1:colcon.colcon_core.package_identification:_identify(src/opencv_test) by extensions ['colcon_meta']
[4.498s] Level 1:colcon.colcon_core.package_identification:_identify(src/opencv_test) by extension 'colcon_meta'
[4.498s] Level 1:colcon.colcon_core.package_identification:_identify(src/opencv_test) by extensions ['ros']
[4.498s] Level 1:colcon.colcon_core.package_identification:_identify(src/opencv_test) by extension 'ros'
[4.505s] DEBUG:colcon.colcon_core.package_identification:Package 'src/opencv_test' with type 'ros.ament_python' and name 'opencv_test'
[4.506s] Level 1:colcon.colcon_core.package_identification:_identify(src/robot_controller_1) by extensions ['ignore', 'ignore_ament_install']
[4.506s] Level 1:colcon.colcon_core.package_identification:_identify(src/robot_controller_1) by extension 'ignore'
[4.506s] Level 1:colcon.colcon_core.package_identification:_identify(src/robot_controller_1) by extension 'ignore_ament_install'
[4.506s] Level 1:colcon.colcon_core.package_identification:_identify(src/robot_controller_1) by extensions ['colcon_pkg']
[4.506s] Level 1:colcon.colcon_core.package_identification:_identify(src/robot_controller_1) by extension 'colcon_pkg'
[4.506s] Level 1:colcon.colcon_core.package_identification:_identify(src/robot_controller_1) by extensions ['colcon_meta']
[4.506s] Level 1:colcon.colcon_core.package_identification:_identify(src/robot_controller_1) by extension 'colcon_meta'
[4.506s] Level 1:colcon.colcon_core.package_identification:_identify(src/robot_controller_1) by extensions ['ros']
[4.506s] Level 1:colcon.colcon_core.package_identification:_identify(src/robot_controller_1) by extension 'ros'
[4.507s] DEBUG:colcon.colcon_core.package_identification:Package 'src/robot_controller_1' with type 'ros.ament_python' and name 'robot_controller_1'
[4.507s] Level 1:colcon.colcon_core.package_discovery:discover_packages(recursive) using defaults
[4.507s] Level 1:colcon.colcon_core.package_discovery:discover_packages(ignore) discover
[4.507s] Level 1:colcon.colcon_core.package_discovery:discover_packages(ignore) using defaults
[4.507s] Level 1:colcon.colcon_core.package_discovery:discover_packages(path) discover
[4.507s] Level 1:colcon.colcon_core.package_discovery:discover_packages(path) using defaults
[4.702s] Level 1:colcon.colcon_core.package_discovery:discover_packages(prefix_path) check parameters
[4.704s] Level 1:colcon.colcon_core.package_discovery:discover_packages(prefix_path) discover
[4.744s] DEBUG:colcon.colcon_installed_package_information.package_discovery:Found 347 installed packages in /opt/ros/humble
[4.746s] Level 1:colcon.colcon_core.package_discovery:discover_packages(prefix_path) using defaults
[4.947s] Level 5:colcon.colcon_core.verb:set package 'opencv_test' build argument 'cmake_args' from command line to 'None'
[4.947s] Level 5:colcon.colcon_core.verb:set package 'opencv_test' build argument 'cmake_target' from command line to 'None'
[4.947s] Level 5:colcon.colcon_core.verb:set package 'opencv_test' build argument 'cmake_target_skip_unavailable' from command line to 'False'
[4.947s] Level 5:colcon.colcon_core.verb:set package 'opencv_test' build argument 'cmake_clean_cache' from command line to 'False'
[4.947s] Level 5:colcon.colcon_core.verb:set package 'opencv_test' build argument 'cmake_clean_first' from command line to 'False'
[4.947s] Level 5:colcon.colcon_core.verb:set package 'opencv_test' build argument 'cmake_force_configure' from command line to 'False'
[4.947s] Level 5:colcon.colcon_core.verb:set package 'opencv_test' build argument 'ament_cmake_args' from command line to 'None'
[4.947s] Level 5:colcon.colcon_core.verb:set package 'opencv_test' build argument 'catkin_cmake_args' from command line to 'None'
[4.947s] Level 5:colcon.colcon_core.verb:set package 'opencv_test' build argument 'catkin_skip_building_tests' from command line to 'False'
[4.947s] DEBUG:colcon.colcon_core.verb:Building package 'opencv_test' with the following arguments: {'ament_cmake_args': None, 'build_base': '/home/kanixre/ros2_ws/build/opencv_test', 'catkin_cmake_args': None, 'catkin_skip_building_tests': False, 'cmake_args': None, 'cmake_clean_cache': False, 'cmake_clean_first': False, 'cmake_force_configure': False, 'cmake_target': None, 'cmake_target_skip_unavailable': False, 'install_base': '/home/kanixre/ros2_ws/install/opencv_test', 'merge_install': False, 'path': '/home/kanixre/ros2_ws/src/opencv_test', 'symlink_install': True, 'test_result_base': None}
[4.973s] Level 5:colcon.colcon_core.verb:set package 'robot_controller_1' build argument 'cmake_args' from command line to 'None'
[4.974s] Level 5:colcon.colcon_core.verb:set package 'robot_controller_1' build argument 'cmake_target' from command line to 'None'
[4.974s] Level 5:colcon.colcon_core.verb:set package 'robot_controller_1' build argument 'cmake_target_skip_unavailable' from command line to 'False'
[4.974s] Level 5:colcon.colcon_core.verb:set package 'robot_controller_1' build argument 'cmake_clean_cache' from command line to 'False'
[4.974s] Level 5:colcon.colcon_core.verb:set package 'robot_controller_1' build argument 'cmake_clean_first' from command line to 'False'
[4.974s] Level 5:colcon.colcon_core.verb:set package 'robot_controller_1' build argument 'cmake_force_configure' from command line to 'False'
[4.974s] Level 5:colcon.colcon_core.verb:set package 'robot_controller_1' build argument 'ament_cmake_args' from command line to 'None'
[4.974s] Level 5:colcon.colcon_core.verb:set package 'robot_controller_1' build argument 'catkin_cmake_args' from command line to 'None'
[4.974s] Level 5:colcon.colcon_core.verb:set package 'robot_controller_1' build argument 'catkin_skip_building_tests' from command line to 'False'
[4.974s] DEBUG:colcon.colcon_core.verb:Building package 'robot_controller_1' with the following arguments: {'ament_cmake_args': None, 'build_base': '/home/kanixre/ros2_ws/build/robot_controller_1', 'catkin_cmake_args': None, 'catkin_skip_building_tests': False, 'cmake_args': None, 'cmake_clean_cache': False, 'cmake_clean_first': False, 'cmake_force_configure': False, 'cmake_target': None, 'cmake_target_skip_unavailable': False, 'install_base': '/home/kanixre/ros2_ws/install/robot_controller_1', 'merge_install': False, 'path': '/home/kanixre/ros2_ws/src/robot_controller_1', 'symlink_install': True, 'test_result_base': None}
[5.019s] INFO:colcon.colcon_core.executor:Executing jobs using 'parallel' executor
[5.069s] DEBUG:colcon.colcon_parallel_executor.executor.parallel:run_until_complete
[5.070s] INFO:colcon.colcon_ros.task.ament_python.build:Building ROS package in '/home/kanixre/ros2_ws/src/opencv_test' with build type 'ament_python'
[5.070s] Level 1:colcon.colcon_core.shell:create_environment_hook('opencv_test', 'ament_prefix_path')
[5.106s] INFO:colcon.colcon_core.plugin_system:Skipping extension 'colcon_core.shell.bat': Not used on non-Windows systems
[5.107s] INFO:colcon.colcon_core.shell:Creating environment hook '/home/kanixre/ros2_ws/install/opencv_test/share/opencv_test/hook/ament_prefix_path.ps1'
[5.109s] INFO:colcon.colcon_core.shell:Creating environment descriptor '/home/kanixre/ros2_ws/install/opencv_test/share/opencv_test/hook/ament_prefix_path.dsv'
[5.110s] INFO:colcon.colcon_core.shell:Creating environment hook '/home/kanixre/ros2_ws/install/opencv_test/share/opencv_test/hook/ament_prefix_path.sh'
[5.137s] INFO:colcon.colcon_core.shell:Skip shell extension 'powershell' for command environment: Not usable outside of PowerShell
[5.137s] DEBUG:colcon.colcon_core.shell:Skip shell extension 'dsv' for command environment
[5.190s] INFO:colcon.colcon_ros.task.ament_python.build:Building ROS package in '/home/kanixre/ros2_ws/src/robot_controller_1' with build type 'ament_python'
[5.190s] Level 1:colcon.colcon_core.shell:create_environment_hook('robot_controller_1', 'ament_prefix_path')
[5.212s] INFO:colcon.colcon_core.shell:Creating environment hook '/home/kanixre/ros2_ws/install/robot_controller_1/share/robot_controller_1/hook/ament_prefix_path.ps1'
[5.214s] INFO:colcon.colcon_core.shell:Creating environment descriptor '/home/kanixre/ros2_ws/install/robot_controller_1/share/robot_controller_1/hook/ament_prefix_path.dsv'
[5.215s] INFO:colcon.colcon_core.shell:Creating environment hook '/home/kanixre/ros2_ws/install/robot_controller_1/share/robot_controller_1/hook/ament_prefix_path.sh'
[5.234s] INFO:colcon.colcon_core.shell:Skip shell extension 'powershell' for command environment: Not usable outside of PowerShell
[5.234s] DEBUG:colcon.colcon_core.shell:Skip shell extension 'dsv' for command environment
[6.652s] INFO:colcon.colcon_core.task.python.build:Building Python package in '/home/kanixre/ros2_ws/src/opencv_test'
[6.698s] INFO:colcon.colcon_core.shell:Skip shell extension 'powershell' for command environment: Not usable outside of PowerShell
[6.698s] DEBUG:colcon.colcon_core.shell:Skip shell extension 'dsv' for command environment
[8.207s] INFO:colcon.colcon_core.task.python.build:Building Python package in '/home/kanixre/ros2_ws/src/robot_controller_1'
[8.256s] INFO:colcon.colcon_core.shell:Skip shell extension 'powershell' for command environment: Not usable outside of PowerShell
[8.256s] DEBUG:colcon.colcon_core.shell:Skip shell extension 'dsv' for command environment
[13.373s] DEBUG:colcon.colcon_core.event_handler.log_command:Invoking command in '/home/kanixre/ros2_ws/build/robot_controller_1': PYTHONPATH=/home/kanixre/ros2_ws/build/robot_controller_1/prefix_override:/home/kanixre/ros2_ws/install/robot_controller_1/lib/python3.10/site-packages:${PYTHONPATH} /usr/bin/python3 setup.py develop --editable --build-directory /home/kanixre/ros2_ws/build/robot_controller_1/build --no-deps install_data
[13.894s] DEBUG:colcon.colcon_core.event_handler.log_command:Invoking command in '/home/kanixre/ros2_ws/build/opencv_test': PYTHONPATH=/home/kanixre/ros2_ws/build/opencv_test/prefix_override:/home/kanixre/ros2_ws/install/opencv_test/lib/python3.10/site-packages:${PYTHONPATH} /usr/bin/python3 setup.py develop --editable --build-directory /home/kanixre/ros2_ws/build/opencv_test/build --no-deps install_data
[19.467s] Level 1:colcon.colcon_core.shell:create_environment_hook('robot_controller_1', 'pythonpath_develop')
[19.470s] DEBUG:colcon.colcon_core.event_handler.log_command:Invoked command in '/home/kanixre/ros2_ws/build/robot_controller_1' returned '0': PYTHONPATH=/home/kanixre/ros2_ws/build/robot_controller_1/prefix_override:/home/kanixre/ros2_ws/install/robot_controller_1/lib/python3.10/site-packages:${PYTHONPATH} /usr/bin/python3 setup.py develop --editable --build-directory /home/kanixre/ros2_ws/build/robot_controller_1/build --no-deps install_data
[19.847s] INFO:colcon.colcon_core.shell:Creating environment hook '/home/kanixre/ros2_ws/build/robot_controller_1/share/robot_controller_1/hook/pythonpath_develop.ps1'
[19.877s] INFO:colcon.colcon_core.shell:Creating environment descriptor '/home/kanixre/ros2_ws/build/robot_controller_1/share/robot_controller_1/hook/pythonpath_develop.dsv'
[19.880s] INFO:colcon.colcon_core.shell:Creating environment hook '/home/kanixre/ros2_ws/build/robot_controller_1/share/robot_controller_1/hook/pythonpath_develop.sh'
[20.091s] Level 1:colcon.colcon_core.environment:checking '/home/kanixre/ros2_ws/install/robot_controller_1' for CMake module files
[20.102s] Level 1:colcon.colcon_core.environment:checking '/home/kanixre/ros2_ws/install/robot_controller_1' for CMake config files
[20.103s] Level 1:colcon.colcon_core.environment:checking '/home/kanixre/ros2_ws/install/robot_controller_1/lib'
[20.103s] Level 1:colcon.colcon_core.environment:checking '/home/kanixre/ros2_ws/install/robot_controller_1/bin'
[20.103s] Level 1:colcon.colcon_core.environment:checking '/home/kanixre/ros2_ws/install/robot_controller_1/lib/pkgconfig/robot_controller_1.pc'
[20.105s] Level 1:colcon.colcon_core.environment:checking '/home/kanixre/ros2_ws/install/robot_controller_1/lib/python3.10/site-packages'
[20.106s] Level 1:colcon.colcon_core.shell:create_environment_hook('robot_controller_1', 'pythonpath')
[20.227s] INFO:colcon.colcon_core.shell:Creating environment hook '/home/kanixre/ros2_ws/install/robot_controller_1/share/robot_controller_1/hook/pythonpath.ps1'
[20.228s] INFO:colcon.colcon_core.shell:Creating environment descriptor '/home/kanixre/ros2_ws/install/robot_controller_1/share/robot_controller_1/hook/pythonpath.dsv'
[20.228s] INFO:colcon.colcon_core.shell:Creating environment hook '/home/kanixre/ros2_ws/install/robot_controller_1/share/robot_controller_1/hook/pythonpath.sh'
[20.232s] Level 1:colcon.colcon_core.environment:checking '/home/kanixre/ros2_ws/install/robot_controller_1/bin'
[20.232s] Level 1:colcon.colcon_core.environment:create_environment_scripts_only(robot_controller_1)
[20.356s] INFO:colcon.colcon_core.shell:Creating package script '/home/kanixre/ros2_ws/install/robot_controller_1/share/robot_controller_1/package.ps1'
[20.379s] INFO:colcon.colcon_core.shell:Creating package descriptor '/home/kanixre/ros2_ws/install/robot_controller_1/share/robot_controller_1/package.dsv'
[20.462s] INFO:colcon.colcon_core.shell:Creating package script '/home/kanixre/ros2_ws/install/robot_controller_1/share/robot_controller_1/package.sh'
[20.471s] INFO:colcon.colcon_core.shell:Creating package script '/home/kanixre/ros2_ws/install/robot_controller_1/share/robot_controller_1/package.bash'
[20.472s] INFO:colcon.colcon_core.shell:Creating package script '/home/kanixre/ros2_ws/install/robot_controller_1/share/robot_controller_1/package.zsh'
[20.480s] Level 1:colcon.colcon_core.environment:create_file_with_runtime_dependencies(/home/kanixre/ros2_ws/install/robot_controller_1/share/colcon-core/packages/robot_controller_1)
[20.500s] Level 1:colcon.colcon_core.shell:create_environment_hook('opencv_test', 'pythonpath_develop')
[20.500s] DEBUG:colcon.colcon_core.event_handler.log_command:Invoked command in '/home/kanixre/ros2_ws/build/opencv_test' returned '0': PYTHONPATH=/home/kanixre/ros2_ws/build/opencv_test/prefix_override:/home/kanixre/ros2_ws/install/opencv_test/lib/python3.10/site-packages:${PYTHONPATH} /usr/bin/python3 setup.py develop --editable --build-directory /home/kanixre/ros2_ws/build/opencv_test/build --no-deps install_data
[20.616s] INFO:colcon.colcon_core.shell:Creating environment hook '/home/kanixre/ros2_ws/build/opencv_test/share/opencv_test/hook/pythonpath_develop.ps1'
[20.642s] INFO:colcon.colcon_core.shell:Creating environment descriptor '/home/kanixre/ros2_ws/build/opencv_test/share/opencv_test/hook/pythonpath_develop.dsv'
[20.654s] INFO:colcon.colcon_core.shell:Creating environment hook '/home/kanixre/ros2_ws/build/opencv_test/share/opencv_test/hook/pythonpath_develop.sh'
[20.851s] Level 1:colcon.colcon_core.environment:checking '/home/kanixre/ros2_ws/install/opencv_test' for CMake module files
[20.852s] Level 1:colcon.colcon_core.environment:checking '/home/kanixre/ros2_ws/install/opencv_test' for CMake config files
[20.881s] Level 1:colcon.colcon_core.environment:checking '/home/kanixre/ros2_ws/install/opencv_test/lib'
[20.887s] Level 1:colcon.colcon_core.environment:checking '/home/kanixre/ros2_ws/install/opencv_test/bin'
[20.887s] Level 1:colcon.colcon_core.environment:checking '/home/kanixre/ros2_ws/install/opencv_test/lib/pkgconfig/opencv_test.pc'
[20.887s] Level 1:colcon.colcon_core.environment:checking '/home/kanixre/ros2_ws/install/opencv_test/lib/python3.10/site-packages'
[20.887s] Level 1:colcon.colcon_core.shell:create_environment_hook('opencv_test', 'pythonpath')
[20.961s] INFO:colcon.colcon_core.shell:Creating environment hook '/home/kanixre/ros2_ws/install/opencv_test/share/opencv_test/hook/pythonpath.ps1'
[20.970s] INFO:colcon.colcon_core.shell:Creating environment descriptor '/home/kanixre/ros2_ws/install/opencv_test/share/opencv_test/hook/pythonpath.dsv'
[20.971s] INFO:colcon.colcon_core.shell:Creating environment hook '/home/kanixre/ros2_ws/install/opencv_test/share/opencv_test/hook/pythonpath.sh'
[20.971s] Level 1:colcon.colcon_core.environment:checking '/home/kanixre/ros2_ws/install/opencv_test/bin'
[20.971s] Level 1:colcon.colcon_core.environment:create_environment_scripts_only(opencv_test)
[21.055s] INFO:colcon.colcon_core.shell:Creating package script '/home/kanixre/ros2_ws/install/opencv_test/share/opencv_test/package.ps1'
[21.125s] INFO:colcon.colcon_core.shell:Creating package descriptor '/home/kanixre/ros2_ws/install/opencv_test/share/opencv_test/package.dsv'
[21.126s] INFO:colcon.colcon_core.shell:Creating package script '/home/kanixre/ros2_ws/install/opencv_test/share/opencv_test/package.sh'
[21.126s] INFO:colcon.colcon_core.shell:Creating package script '/home/kanixre/ros2_ws/install/opencv_test/share/opencv_test/package.bash'
[21.126s] INFO:colcon.colcon_core.shell:Creating package script '/home/kanixre/ros2_ws/install/opencv_test/share/opencv_test/package.zsh'
[21.126s] Level 1:colcon.colcon_core.environment:create_file_with_runtime_dependencies(/home/kanixre/ros2_ws/install/opencv_test/share/colcon-core/packages/opencv_test)
[21.133s] DEBUG:colcon.colcon_parallel_executor.executor.parallel:closing loop
[21.137s] DEBUG:colcon.colcon_parallel_executor.executor.parallel:loop closed
[21.137s] DEBUG:colcon.colcon_parallel_executor.executor.parallel:run_until_complete finished with '0'
[21.137s] DEBUG:colcon.colcon_core.event_reactor:joining thread
[21.319s] INFO:colcon.colcon_core.plugin_system:Skipping extension 'colcon_notification.desktop_notification.terminal_notifier': Not used on non-Darwin systems
[21.324s] INFO:colcon.colcon_core.plugin_system:Skipping extension 'colcon_notification.desktop_notification.win32': Not used on non-Windows systems
[21.325s] INFO:colcon.colcon_notification.desktop_notification:Sending desktop notification using 'notify2'
[21.562s] DEBUG:colcon.colcon_core.event_reactor:joined thread
[21.640s] INFO:colcon.colcon_core.shell:Creating prefix script '/home/kanixre/ros2_ws/install/local_setup.ps1'
[21.654s] INFO:colcon.colcon_core.shell:Creating prefix util module '/home/kanixre/ros2_ws/install/_local_setup_util_ps1.py'
[21.661s] INFO:colcon.colcon_core.shell:Creating prefix chain script '/home/kanixre/ros2_ws/install/setup.ps1'
[21.737s] INFO:colcon.colcon_core.shell:Creating prefix script '/home/kanixre/ros2_ws/install/local_setup.sh'
[21.742s] INFO:colcon.colcon_core.shell:Creating prefix util module '/home/kanixre/ros2_ws/install/_local_setup_util_sh.py'
[21.743s] INFO:colcon.colcon_core.shell:Creating prefix chain script '/home/kanixre/ros2_ws/install/setup.sh'
[21.815s] INFO:colcon.colcon_core.shell:Creating prefix script '/home/kanixre/ros2_ws/install/local_setup.bash'
[21.816s] INFO:colcon.colcon_core.shell:Creating prefix chain script '/home/kanixre/ros2_ws/install/setup.bash'
[21.912s] INFO:colcon.colcon_core.shell:Creating prefix script '/home/kanixre/ros2_ws/install/local_setup.zsh'
[21.917s] INFO:colcon.colcon_core.shell:Creating prefix chain script '/home/kanixre/ros2_ws/install/setup.zsh'
