[3.149s] DEBUG:colcon:Command line arguments: ['/usr/bin/colcon', 'build', '--symlink-install']
[3.150s] DEBUG:colcon:Parsed command line arguments: Namespace(log_base=None, log_level=None, verb_name='build', build_base='build', install_base='install', merge_install=False, symlink_install=True, test_result_base=None, continue_on_error=False, executor='parallel', parallel_workers=2, event_handlers=None, ignore_user_meta=False, metas=['./colcon.meta'], base_paths=['.'], packages_ignore=None, packages_ignore_regex=None, paths=None, packages_up_to=None, packages_up_to_regex=None, packages_above=None, packages_above_and_dependencies=None, packages_above_depth=None, packages_select_by_dep=None, packages_skip_by_dep=None, packages_skip_up_to=None, packages_select_build_failed=False, packages_skip_build_finished=False, packages_select_test_failures=False, packages_skip_test_passed=False, packages_select=None, packages_skip=None, packages_select_regex=None, packages_skip_regex=None, packages_start=None, packages_end=None, allow_overriding=[], cmake_args=None, cmake_target=None, cmake_target_skip_unavailable=False, cmake_clean_cache=False, cmake_clean_first=False, cmake_force_configure=False, ament_cmake_args=None, catkin_cmake_args=None, catkin_skip_building_tests=False, verb_parser=<colcon_defaults.argument_parser.defaults.DefaultArgumentsDecorator object at 0x7f1832ea5360>, verb_extension=<colcon_core.verb.build.BuildVerb object at 0x7f18332d7fd0>, main=<bound method BuildVerb.main of <colcon_core.verb.build.BuildVerb object at 0x7f18332d7fd0>>)
[3.277s] Level 1:colcon.colcon_core.package_discovery:discover_packages(colcon_meta) check parameters
[3.278s] Level 1:colcon.colcon_core.package_discovery:discover_packages(recursive) check parameters
[3.278s] Level 1:colcon.colcon_core.package_discovery:discover_packages(ignore) check parameters
[3.278s] Level 1:colcon.colcon_core.package_discovery:discover_packages(path) check parameters
[3.278s] Level 1:colcon.colcon_core.package_discovery:discover_packages(colcon_meta) discover
[3.278s] Level 1:colcon.colcon_core.package_discovery:discover_packages(recursive) discover
[3.278s] INFO:colcon.colcon_core.package_discovery:Crawling recursively for packages in '/home/kanixre/ros2_ws'
[3.278s] Level 1:colcon.colcon_core.package_identification:_identify(.) by extensions ['ignore', 'ignore_ament_install']
[3.279s] Level 1:colcon.colcon_core.package_identification:_identify(.) by extension 'ignore'
[3.279s] Level 1:colcon.colcon_core.package_identification:_identify(.) by extension 'ignore_ament_install'
[3.279s] Level 1:colcon.colcon_core.package_identification:_identify(.) by extensions ['colcon_pkg']
[3.279s] Level 1:colcon.colcon_core.package_identification:_identify(.) by extension 'colcon_pkg'
[3.279s] Level 1:colcon.colcon_core.package_identification:_identify(.) by extensions ['colcon_meta']
[3.279s] Level 1:colcon.colcon_core.package_identification:_identify(.) by extension 'colcon_meta'
[3.279s] Level 1:colcon.colcon_core.package_identification:_identify(.) by extensions ['ros']
[3.279s] Level 1:colcon.colcon_core.package_identification:_identify(.) by extension 'ros'
[3.312s] Level 1:colcon.colcon_core.package_identification:_identify(.) by extensions ['cmake', 'python']
[3.312s] Level 1:colcon.colcon_core.package_identification:_identify(.) by extension 'cmake'
[3.312s] Level 1:colcon.colcon_core.package_identification:_identify(.) by extension 'python'
[3.313s] Level 1:colcon.colcon_core.package_identification:_identify(.) by extensions ['python_setup_py']
[3.313s] Level 1:colcon.colcon_core.package_identification:_identify(.) by extension 'python_setup_py'
[3.313s] Level 1:colcon.colcon_core.package_identification:_identify(build) by extensions ['ignore', 'ignore_ament_install']
[3.313s] Level 1:colcon.colcon_core.package_identification:_identify(build) by extension 'ignore'
[3.313s] Level 1:colcon.colcon_core.package_identification:_identify(build) ignored
[3.313s] Level 1:colcon.colcon_core.package_identification:_identify(install) by extensions ['ignore', 'ignore_ament_install']
[3.314s] Level 1:colcon.colcon_core.package_identification:_identify(install) by extension 'ignore'
[3.314s] Level 1:colcon.colcon_core.package_identification:_identify(install) ignored
[3.314s] Level 1:colcon.colcon_core.package_identification:_identify(log) by extensions ['ignore', 'ignore_ament_install']
[3.314s] Level 1:colcon.colcon_core.package_identification:_identify(log) by extension 'ignore'
[3.314s] Level 1:colcon.colcon_core.package_identification:_identify(log) ignored
[3.314s] Level 1:colcon.colcon_core.package_identification:_identify(src) by extensions ['ignore', 'ignore_ament_install']
[3.314s] Level 1:colcon.colcon_core.package_identification:_identify(src) by extension 'ignore'
[3.314s] Level 1:colcon.colcon_core.package_identification:_identify(src) by extension 'ignore_ament_install'
[3.314s] Level 1:colcon.colcon_core.package_identification:_identify(src) by extensions ['colcon_pkg']
[3.314s] Level 1:colcon.colcon_core.package_identification:_identify(src) by extension 'colcon_pkg'
[3.314s] Level 1:colcon.colcon_core.package_identification:_identify(src) by extensions ['colcon_meta']
[3.315s] Level 1:colcon.colcon_core.package_identification:_identify(src) by extension 'colcon_meta'
[3.315s] Level 1:colcon.colcon_core.package_identification:_identify(src) by extensions ['ros']
[3.315s] Level 1:colcon.colcon_core.package_identification:_identify(src) by extension 'ros'
[3.315s] Level 1:colcon.colcon_core.package_identification:_identify(src) by extensions ['cmake', 'python']
[3.315s] Level 1:colcon.colcon_core.package_identification:_identify(src) by extension 'cmake'
[3.315s] Level 1:colcon.colcon_core.package_identification:_identify(src) by extension 'python'
[3.315s] Level 1:colcon.colcon_core.package_identification:_identify(src) by extensions ['python_setup_py']
[3.315s] Level 1:colcon.colcon_core.package_identification:_identify(src) by extension 'python_setup_py'
[3.321s] Level 1:colcon.colcon_core.package_identification:_identify(src/opencv_test) by extensions ['ignore', 'ignore_ament_install']
[3.323s] Level 1:colcon.colcon_core.package_identification:_identify(src/opencv_test) by extension 'ignore'
[3.323s] Level 1:colcon.colcon_core.package_identification:_identify(src/opencv_test) by extension 'ignore_ament_install'
[3.323s] Level 1:colcon.colcon_core.package_identification:_identify(src/opencv_test) by extensions ['colcon_pkg']
[3.323s] Level 1:colcon.colcon_core.package_identification:_identify(src/opencv_test) by extension 'colcon_pkg'
[3.323s] Level 1:colcon.colcon_core.package_identification:_identify(src/opencv_test) by extensions ['colcon_meta']
[3.323s] Level 1:colcon.colcon_core.package_identification:_identify(src/opencv_test) by extension 'colcon_meta'
[3.323s] Level 1:colcon.colcon_core.package_identification:_identify(src/opencv_test) by extensions ['ros']
[3.323s] Level 1:colcon.colcon_core.package_identification:_identify(src/opencv_test) by extension 'ros'
[3.328s] DEBUG:colcon.colcon_core.package_identification:Package 'src/opencv_test' with type 'ros.ament_python' and name 'opencv_test'
[3.329s] Level 1:colcon.colcon_core.package_discovery:discover_packages(recursive) using defaults
[3.329s] Level 1:colcon.colcon_core.package_discovery:discover_packages(ignore) discover
[3.329s] Level 1:colcon.colcon_core.package_discovery:discover_packages(ignore) using defaults
[3.329s] Level 1:colcon.colcon_core.package_discovery:discover_packages(path) discover
[3.329s] Level 1:colcon.colcon_core.package_discovery:discover_packages(path) using defaults
[3.709s] Level 1:colcon.colcon_core.package_discovery:discover_packages(prefix_path) check parameters
[3.710s] Level 1:colcon.colcon_core.package_discovery:discover_packages(prefix_path) discover
[3.849s] DEBUG:colcon.colcon_installed_package_information.package_discovery:Found 347 installed packages in /opt/ros/humble
[3.851s] Level 1:colcon.colcon_core.package_discovery:discover_packages(prefix_path) using defaults
[4.324s] Level 5:colcon.colcon_core.verb:set package 'opencv_test' build argument 'cmake_args' from command line to 'None'
[4.324s] Level 5:colcon.colcon_core.verb:set package 'opencv_test' build argument 'cmake_target' from command line to 'None'
[4.324s] Level 5:colcon.colcon_core.verb:set package 'opencv_test' build argument 'cmake_target_skip_unavailable' from command line to 'False'
[4.324s] Level 5:colcon.colcon_core.verb:set package 'opencv_test' build argument 'cmake_clean_cache' from command line to 'False'
[4.324s] Level 5:colcon.colcon_core.verb:set package 'opencv_test' build argument 'cmake_clean_first' from command line to 'False'
[4.324s] Level 5:colcon.colcon_core.verb:set package 'opencv_test' build argument 'cmake_force_configure' from command line to 'False'
[4.324s] Level 5:colcon.colcon_core.verb:set package 'opencv_test' build argument 'ament_cmake_args' from command line to 'None'
[4.324s] Level 5:colcon.colcon_core.verb:set package 'opencv_test' build argument 'catkin_cmake_args' from command line to 'None'
[4.324s] Level 5:colcon.colcon_core.verb:set package 'opencv_test' build argument 'catkin_skip_building_tests' from command line to 'False'
[4.324s] DEBUG:colcon.colcon_core.verb:Building package 'opencv_test' with the following arguments: {'ament_cmake_args': None, 'build_base': '/home/kanixre/ros2_ws/build/opencv_test', 'catkin_cmake_args': None, 'catkin_skip_building_tests': False, 'cmake_args': None, 'cmake_clean_cache': False, 'cmake_clean_first': False, 'cmake_force_configure': False, 'cmake_target': None, 'cmake_target_skip_unavailable': False, 'install_base': '/home/kanixre/ros2_ws/install/opencv_test', 'merge_install': False, 'path': '/home/kanixre/ros2_ws/src/opencv_test', 'symlink_install': True, 'test_result_base': None}
[4.354s] INFO:colcon.colcon_core.executor:Executing jobs using 'parallel' executor
[4.379s] DEBUG:colcon.colcon_parallel_executor.executor.parallel:run_until_complete
[4.380s] INFO:colcon.colcon_ros.task.ament_python.build:Building ROS package in '/home/kanixre/ros2_ws/src/opencv_test' with build type 'ament_python'
[4.380s] Level 1:colcon.colcon_core.shell:create_environment_hook('opencv_test', 'ament_prefix_path')
[4.519s] INFO:colcon.colcon_core.plugin_system:Skipping extension 'colcon_core.shell.bat': Not used on non-Windows systems
[4.519s] INFO:colcon.colcon_core.shell:Creating environment hook '/home/kanixre/ros2_ws/install/opencv_test/share/opencv_test/hook/ament_prefix_path.ps1'
[4.537s] INFO:colcon.colcon_core.shell:Creating environment descriptor '/home/kanixre/ros2_ws/install/opencv_test/share/opencv_test/hook/ament_prefix_path.dsv'
[4.542s] INFO:colcon.colcon_core.shell:Creating environment hook '/home/kanixre/ros2_ws/install/opencv_test/share/opencv_test/hook/ament_prefix_path.sh'
[4.598s] INFO:colcon.colcon_core.shell:Skip shell extension 'powershell' for command environment: Not usable outside of PowerShell
[4.599s] DEBUG:colcon.colcon_core.shell:Skip shell extension 'dsv' for command environment
[5.496s] INFO:colcon.colcon_core.task.python.build:Building Python package in '/home/kanixre/ros2_ws/src/opencv_test'
[5.530s] INFO:colcon.colcon_core.shell:Skip shell extension 'powershell' for command environment: Not usable outside of PowerShell
[5.530s] DEBUG:colcon.colcon_core.shell:Skip shell extension 'dsv' for command environment
[6.806s] DEBUG:colcon.colcon_core.event_handler.log_command:Invoking command in '/home/kanixre/ros2_ws/build/opencv_test': PYTHONPATH=/home/kanixre/ros2_ws/build/opencv_test/prefix_override:/home/kanixre/ros2_ws/install/opencv_test/lib/python3.10/site-packages:${PYTHONPATH} /usr/bin/python3 setup.py develop --editable --build-directory /home/kanixre/ros2_ws/build/opencv_test/build --no-deps install_data
[8.088s] Level 1:colcon.colcon_core.shell:create_environment_hook('opencv_test', 'pythonpath_develop')
[8.093s] DEBUG:colcon.colcon_core.event_handler.log_command:Invoked command in '/home/kanixre/ros2_ws/build/opencv_test' returned '0': PYTHONPATH=/home/kanixre/ros2_ws/build/opencv_test/prefix_override:/home/kanixre/ros2_ws/install/opencv_test/lib/python3.10/site-packages:${PYTHONPATH} /usr/bin/python3 setup.py develop --editable --build-directory /home/kanixre/ros2_ws/build/opencv_test/build --no-deps install_data
[8.118s] INFO:colcon.colcon_core.shell:Creating environment hook '/home/kanixre/ros2_ws/build/opencv_test/share/opencv_test/hook/pythonpath_develop.ps1'
[8.120s] INFO:colcon.colcon_core.shell:Creating environment descriptor '/home/kanixre/ros2_ws/build/opencv_test/share/opencv_test/hook/pythonpath_develop.dsv'
[8.121s] INFO:colcon.colcon_core.shell:Creating environment hook '/home/kanixre/ros2_ws/build/opencv_test/share/opencv_test/hook/pythonpath_develop.sh'
[8.206s] Level 1:colcon.colcon_core.environment:checking '/home/kanixre/ros2_ws/install/opencv_test' for CMake module files
[8.213s] Level 1:colcon.colcon_core.environment:checking '/home/kanixre/ros2_ws/install/opencv_test' for CMake config files
[8.222s] Level 1:colcon.colcon_core.environment:checking '/home/kanixre/ros2_ws/install/opencv_test/lib'
[8.223s] Level 1:colcon.colcon_core.environment:checking '/home/kanixre/ros2_ws/install/opencv_test/bin'
[8.223s] Level 1:colcon.colcon_core.environment:checking '/home/kanixre/ros2_ws/install/opencv_test/lib/pkgconfig/opencv_test.pc'
[8.223s] Level 1:colcon.colcon_core.environment:checking '/home/kanixre/ros2_ws/install/opencv_test/lib/python3.10/site-packages'
[8.223s] Level 1:colcon.colcon_core.shell:create_environment_hook('opencv_test', 'pythonpath')
[8.259s] INFO:colcon.colcon_core.shell:Creating environment hook '/home/kanixre/ros2_ws/install/opencv_test/share/opencv_test/hook/pythonpath.ps1'
[8.260s] INFO:colcon.colcon_core.shell:Creating environment descriptor '/home/kanixre/ros2_ws/install/opencv_test/share/opencv_test/hook/pythonpath.dsv'
[8.261s] INFO:colcon.colcon_core.shell:Creating environment hook '/home/kanixre/ros2_ws/install/opencv_test/share/opencv_test/hook/pythonpath.sh'
[8.261s] Level 1:colcon.colcon_core.environment:checking '/home/kanixre/ros2_ws/install/opencv_test/bin'
[8.262s] Level 1:colcon.colcon_core.environment:create_environment_scripts_only(opencv_test)
[8.297s] INFO:colcon.colcon_core.shell:Creating package script '/home/kanixre/ros2_ws/install/opencv_test/share/opencv_test/package.ps1'
[8.308s] INFO:colcon.colcon_core.shell:Creating package descriptor '/home/kanixre/ros2_ws/install/opencv_test/share/opencv_test/package.dsv'
[8.315s] INFO:colcon.colcon_core.shell:Creating package script '/home/kanixre/ros2_ws/install/opencv_test/share/opencv_test/package.sh'
[8.324s] INFO:colcon.colcon_core.shell:Creating package script '/home/kanixre/ros2_ws/install/opencv_test/share/opencv_test/package.bash'
[8.327s] INFO:colcon.colcon_core.shell:Creating package script '/home/kanixre/ros2_ws/install/opencv_test/share/opencv_test/package.zsh'
[8.329s] Level 1:colcon.colcon_core.environment:create_file_with_runtime_dependencies(/home/kanixre/ros2_ws/install/opencv_test/share/colcon-core/packages/opencv_test)
[8.330s] DEBUG:colcon.colcon_parallel_executor.executor.parallel:closing loop
[8.353s] DEBUG:colcon.colcon_parallel_executor.executor.parallel:loop closed
[8.354s] DEBUG:colcon.colcon_parallel_executor.executor.parallel:run_until_complete finished with '0'
[8.354s] DEBUG:colcon.colcon_core.event_reactor:joining thread
[8.436s] INFO:colcon.colcon_core.plugin_system:Skipping extension 'colcon_notification.desktop_notification.terminal_notifier': Not used on non-Darwin systems
[8.436s] INFO:colcon.colcon_core.plugin_system:Skipping extension 'colcon_notification.desktop_notification.win32': Not used on non-Windows systems
[8.436s] INFO:colcon.colcon_notification.desktop_notification:Sending desktop notification using 'notify2'
[8.491s] DEBUG:colcon.colcon_core.event_reactor:joined thread
[8.514s] INFO:colcon.colcon_core.shell:Creating prefix script '/home/kanixre/ros2_ws/install/local_setup.ps1'
[8.519s] INFO:colcon.colcon_core.shell:Creating prefix util module '/home/kanixre/ros2_ws/install/_local_setup_util_ps1.py'
[8.526s] INFO:colcon.colcon_core.shell:Creating prefix chain script '/home/kanixre/ros2_ws/install/setup.ps1'
[8.585s] INFO:colcon.colcon_core.shell:Creating prefix script '/home/kanixre/ros2_ws/install/local_setup.sh'
[8.588s] INFO:colcon.colcon_core.shell:Creating prefix util module '/home/kanixre/ros2_ws/install/_local_setup_util_sh.py'
[8.589s] INFO:colcon.colcon_core.shell:Creating prefix chain script '/home/kanixre/ros2_ws/install/setup.sh'
[8.664s] INFO:colcon.colcon_core.shell:Creating prefix script '/home/kanixre/ros2_ws/install/local_setup.bash'
[8.665s] INFO:colcon.colcon_core.shell:Creating prefix chain script '/home/kanixre/ros2_ws/install/setup.bash'
[8.713s] INFO:colcon.colcon_core.shell:Creating prefix script '/home/kanixre/ros2_ws/install/local_setup.zsh'
[8.729s] INFO:colcon.colcon_core.shell:Creating prefix chain script '/home/kanixre/ros2_ws/install/setup.zsh'
