running develop
Removing /home/kanixre/ros2_ws/install/robot_controller_1/lib/python3.10/site-packages/robot-controller-1.egg-link (link to .)
running egg_info
writing ../../build/robot_controller_1/robot_controller_1.egg-info/PKG-INFO
writing dependency_links to ../../build/robot_controller_1/robot_controller_1.egg-info/dependency_links.txt
writing entry points to ../../build/robot_controller_1/robot_controller_1.egg-info/entry_points.txt
writing requirements to ../../build/robot_controller_1/robot_controller_1.egg-info/requires.txt
writing top-level names to ../../build/robot_controller_1/robot_controller_1.egg-info/top_level.txt
reading manifest file '../../build/robot_controller_1/robot_controller_1.egg-info/SOURCES.txt'
writing manifest file '../../build/robot_controller_1/robot_controller_1.egg-info/SOURCES.txt'
running build
running build_py
creating /home/kanixre/ros2_ws/build/robot_controller_1/build
creating /home/kanixre/ros2_ws/build/robot_controller_1/build/lib
creating /home/kanixre/ros2_ws/build/robot_controller_1/build/lib/robot_controller_1
copying robot_controller_1/object_detector1.py -> /home/kanixre/ros2_ws/build/robot_controller_1/build/lib/robot_controller_1
copying robot_controller_1/__init__.py -> /home/kanixre/ros2_ws/build/robot_controller_1/build/lib/robot_controller_1
running install
running install_lib
creating /home/kanixre/ros2_ws/install/robot_controller_1/lib/python3.10/site-packages/robot_controller_1
copying /home/kanixre/ros2_ws/build/robot_controller_1/build/lib/robot_controller_1/object_detector1.py -> /home/kanixre/ros2_ws/install/robot_controller_1/lib/python3.10/site-packages/robot_controller_1
copying /home/kanixre/ros2_ws/build/robot_controller_1/build/lib/robot_controller_1/__init__.py -> /home/kanixre/ros2_ws/install/robot_controller_1/lib/python3.10/site-packages/robot_controller_1
byte-compiling /home/kanixre/ros2_ws/install/robot_controller_1/lib/python3.10/site-packages/robot_controller_1/object_detector1.py to object_detector1.cpython-310.pyc
byte-compiling /home/kanixre/ros2_ws/install/robot_controller_1/lib/python3.10/site-packages/robot_controller_1/__init__.py to __init__.cpython-310.pyc
running install_data
running install_egg_info
Copying ../../build/robot_controller_1/robot_controller_1.egg-info to /home/kanixre/ros2_ws/install/robot_controller_1/lib/python3.10/site-packages/robot_controller_1-0.0.0-py3.10.egg-info
running install_scripts
Installing object_detector script to /home/kanixre/ros2_ws/install/robot_controller_1/lib/robot_controller_1
writing list of installed files to '/home/kanixre/ros2_ws/build/robot_controller_1/install.log'
