[10.331s] DEBUG:colcon:Command line arguments: ['/usr/bin/colcon', 'build', '--symlink-install']
[10.331s] DEBUG:colcon:Parsed command line arguments: Namespace(log_base=None, log_level=None, verb_name='build', build_base='build', install_base='install', merge_install=False, symlink_install=True, test_result_base=None, continue_on_error=False, executor='parallel', parallel_workers=2, event_handlers=None, ignore_user_meta=False, metas=['./colcon.meta'], base_paths=['.'], packages_ignore=None, packages_ignore_regex=None, paths=None, packages_up_to=None, packages_up_to_regex=None, packages_above=None, packages_above_and_dependencies=None, packages_above_depth=None, packages_select_by_dep=None, packages_skip_by_dep=None, packages_skip_up_to=None, packages_select_build_failed=False, packages_skip_build_finished=False, packages_select_test_failures=False, packages_skip_test_passed=False, packages_select=None, packages_skip=None, packages_select_regex=None, packages_skip_regex=None, packages_start=None, packages_end=None, allow_overriding=[], cmake_args=None, cmake_target=None, cmake_target_skip_unavailable=False, cmake_clean_cache=False, cmake_clean_first=False, cmake_force_configure=False, ament_cmake_args=None, catkin_cmake_args=None, catkin_skip_building_tests=False, verb_parser=<colcon_defaults.argument_parser.defaults.DefaultArgumentsDecorator object at 0x7fa093a3ab00>, verb_extension=<colcon_core.verb.build.BuildVerb object at 0x7fa093d5a2f0>, main=<bound method BuildVerb.main of <colcon_core.verb.build.BuildVerb object at 0x7fa093d5a2f0>>)
[10.672s] Level 1:colcon.colcon_core.package_discovery:discover_packages(colcon_meta) check parameters
[10.683s] Level 1:colcon.colcon_core.package_discovery:discover_packages(recursive) check parameters
[10.683s] Level 1:colcon.colcon_core.package_discovery:discover_packages(ignore) check parameters
[10.683s] Level 1:colcon.colcon_core.package_discovery:discover_packages(path) check parameters
[10.683s] Level 1:colcon.colcon_core.package_discovery:discover_packages(colcon_meta) discover
[10.683s] Level 1:colcon.colcon_core.package_discovery:discover_packages(recursive) discover
[10.684s] INFO:colcon.colcon_core.package_discovery:Crawling recursively for packages in '/home/kanixre/ros2_ws'
[10.684s] Level 1:colcon.colcon_core.package_identification:_identify(.) by extensions ['ignore', 'ignore_ament_install']
[10.684s] Level 1:colcon.colcon_core.package_identification:_identify(.) by extension 'ignore'
[10.684s] Level 1:colcon.colcon_core.package_identification:_identify(.) by extension 'ignore_ament_install'
[10.684s] Level 1:colcon.colcon_core.package_identification:_identify(.) by extensions ['colcon_pkg']
[10.684s] Level 1:colcon.colcon_core.package_identification:_identify(.) by extension 'colcon_pkg'
[10.684s] Level 1:colcon.colcon_core.package_identification:_identify(.) by extensions ['colcon_meta']
[10.684s] Level 1:colcon.colcon_core.package_identification:_identify(.) by extension 'colcon_meta'
[10.685s] Level 1:colcon.colcon_core.package_identification:_identify(.) by extensions ['ros']
[10.685s] Level 1:colcon.colcon_core.package_identification:_identify(.) by extension 'ros'
[10.811s] Level 1:colcon.colcon_core.package_identification:_identify(.) by extensions ['cmake', 'python']
[10.812s] Level 1:colcon.colcon_core.package_identification:_identify(.) by extension 'cmake'
[10.813s] Level 1:colcon.colcon_core.package_identification:_identify(.) by extension 'python'
[10.814s] Level 1:colcon.colcon_core.package_identification:_identify(.) by extensions ['python_setup_py']
[10.814s] Level 1:colcon.colcon_core.package_identification:_identify(.) by extension 'python_setup_py'
[10.814s] Level 1:colcon.colcon_core.package_identification:_identify(build) by extensions ['ignore', 'ignore_ament_install']
[10.815s] Level 1:colcon.colcon_core.package_identification:_identify(build) by extension 'ignore'
[10.821s] Level 1:colcon.colcon_core.package_identification:_identify(build) ignored
[10.826s] Level 1:colcon.colcon_core.package_identification:_identify(install) by extensions ['ignore', 'ignore_ament_install']
[10.829s] Level 1:colcon.colcon_core.package_identification:_identify(install) by extension 'ignore'
[10.829s] Level 1:colcon.colcon_core.package_identification:_identify(install) ignored
[10.830s] Level 1:colcon.colcon_core.package_identification:_identify(log) by extensions ['ignore', 'ignore_ament_install']
[10.830s] Level 1:colcon.colcon_core.package_identification:_identify(log) by extension 'ignore'
[10.830s] Level 1:colcon.colcon_core.package_identification:_identify(log) ignored
[10.830s] Level 1:colcon.colcon_core.package_identification:_identify(src) by extensions ['ignore', 'ignore_ament_install']
[10.830s] Level 1:colcon.colcon_core.package_identification:_identify(src) by extension 'ignore'
[10.830s] Level 1:colcon.colcon_core.package_identification:_identify(src) by extension 'ignore_ament_install'
[10.830s] Level 1:colcon.colcon_core.package_identification:_identify(src) by extensions ['colcon_pkg']
[10.831s] Level 1:colcon.colcon_core.package_identification:_identify(src) by extension 'colcon_pkg'
[10.831s] Level 1:colcon.colcon_core.package_identification:_identify(src) by extensions ['colcon_meta']
[10.831s] Level 1:colcon.colcon_core.package_identification:_identify(src) by extension 'colcon_meta'
[10.831s] Level 1:colcon.colcon_core.package_identification:_identify(src) by extensions ['ros']
[10.831s] Level 1:colcon.colcon_core.package_identification:_identify(src) by extension 'ros'
[10.831s] Level 1:colcon.colcon_core.package_identification:_identify(src) by extensions ['cmake', 'python']
[10.832s] Level 1:colcon.colcon_core.package_identification:_identify(src) by extension 'cmake'
[10.832s] Level 1:colcon.colcon_core.package_identification:_identify(src) by extension 'python'
[10.846s] Level 1:colcon.colcon_core.package_identification:_identify(src) by extensions ['python_setup_py']
[10.847s] Level 1:colcon.colcon_core.package_identification:_identify(src) by extension 'python_setup_py'
[10.847s] Level 1:colcon.colcon_core.package_identification:_identify(src/RobotProgWork1) by extensions ['ignore', 'ignore_ament_install']
[10.848s] Level 1:colcon.colcon_core.package_identification:_identify(src/RobotProgWork1) by extension 'ignore'
[10.848s] Level 1:colcon.colcon_core.package_identification:_identify(src/RobotProgWork1) by extension 'ignore_ament_install'
[10.848s] Level 1:colcon.colcon_core.package_identification:_identify(src/RobotProgWork1) by extensions ['colcon_pkg']
[10.848s] Level 1:colcon.colcon_core.package_identification:_identify(src/RobotProgWork1) by extension 'colcon_pkg'
[10.848s] Level 1:colcon.colcon_core.package_identification:_identify(src/RobotProgWork1) by extensions ['colcon_meta']
[10.848s] Level 1:colcon.colcon_core.package_identification:_identify(src/RobotProgWork1) by extension 'colcon_meta'
[10.856s] Level 1:colcon.colcon_core.package_identification:_identify(src/RobotProgWork1) by extensions ['ros']
[10.859s] Level 1:colcon.colcon_core.package_identification:_identify(src/RobotProgWork1) by extension 'ros'
[10.865s] Level 1:colcon.colcon_core.package_identification:_identify(src/RobotProgWork1) by extensions ['cmake', 'python']
[10.865s] Level 1:colcon.colcon_core.package_identification:_identify(src/RobotProgWork1) by extension 'cmake'
[10.865s] Level 1:colcon.colcon_core.package_identification:_identify(src/RobotProgWork1) by extension 'python'
[10.865s] Level 1:colcon.colcon_core.package_identification:_identify(src/RobotProgWork1) by extensions ['python_setup_py']
[10.866s] Level 1:colcon.colcon_core.package_identification:_identify(src/RobotProgWork1) by extension 'python_setup_py'
[10.866s] Level 1:colcon.colcon_core.package_identification:_identify(src/opencv_test) by extensions ['ignore', 'ignore_ament_install']
[10.866s] Level 1:colcon.colcon_core.package_identification:_identify(src/opencv_test) by extension 'ignore'
[10.866s] Level 1:colcon.colcon_core.package_identification:_identify(src/opencv_test) by extension 'ignore_ament_install'
[10.867s] Level 1:colcon.colcon_core.package_identification:_identify(src/opencv_test) by extensions ['colcon_pkg']
[10.867s] Level 1:colcon.colcon_core.package_identification:_identify(src/opencv_test) by extension 'colcon_pkg'
[10.868s] Level 1:colcon.colcon_core.package_identification:_identify(src/opencv_test) by extensions ['colcon_meta']
[10.868s] Level 1:colcon.colcon_core.package_identification:_identify(src/opencv_test) by extension 'colcon_meta'
[10.868s] Level 1:colcon.colcon_core.package_identification:_identify(src/opencv_test) by extensions ['ros']
[10.868s] Level 1:colcon.colcon_core.package_identification:_identify(src/opencv_test) by extension 'ros'
[10.894s] DEBUG:colcon.colcon_core.package_identification:Package 'src/opencv_test' with type 'ros.ament_python' and name 'opencv_test'
[10.903s] Level 1:colcon.colcon_core.package_identification:_identify(src/robot_controller_1) by extensions ['ignore', 'ignore_ament_install']
[10.915s] Level 1:colcon.colcon_core.package_identification:_identify(src/robot_controller_1) by extension 'ignore'
[10.928s] Level 1:colcon.colcon_core.package_identification:_identify(src/robot_controller_1) by extension 'ignore_ament_install'
[10.934s] Level 1:colcon.colcon_core.package_identification:_identify(src/robot_controller_1) by extensions ['colcon_pkg']
[10.936s] Level 1:colcon.colcon_core.package_identification:_identify(src/robot_controller_1) by extension 'colcon_pkg'
[10.936s] Level 1:colcon.colcon_core.package_identification:_identify(src/robot_controller_1) by extensions ['colcon_meta']
[10.937s] Level 1:colcon.colcon_core.package_identification:_identify(src/robot_controller_1) by extension 'colcon_meta'
[10.938s] Level 1:colcon.colcon_core.package_identification:_identify(src/robot_controller_1) by extensions ['ros']
[10.938s] Level 1:colcon.colcon_core.package_identification:_identify(src/robot_controller_1) by extension 'ros'
[10.940s] DEBUG:colcon.colcon_core.package_identification:Package 'src/robot_controller_1' with type 'ros.ament_python' and name 'robot_controller_1'
[10.950s] Level 1:colcon.colcon_core.package_discovery:discover_packages(recursive) using defaults
[10.957s] Level 1:colcon.colcon_core.package_discovery:discover_packages(ignore) discover
[10.957s] Level 1:colcon.colcon_core.package_discovery:discover_packages(ignore) using defaults
[10.957s] Level 1:colcon.colcon_core.package_discovery:discover_packages(path) discover
[10.957s] Level 1:colcon.colcon_core.package_discovery:discover_packages(path) using defaults
[11.923s] Level 1:colcon.colcon_core.package_discovery:discover_packages(prefix_path) check parameters
[11.923s] Level 1:colcon.colcon_core.package_discovery:discover_packages(prefix_path) discover
[12.042s] DEBUG:colcon.colcon_installed_package_information.package_discovery:Found 347 installed packages in /opt/ros/humble
[12.044s] Level 1:colcon.colcon_core.package_discovery:discover_packages(prefix_path) using defaults
[12.487s] Level 5:colcon.colcon_core.verb:set package 'opencv_test' build argument 'cmake_args' from command line to 'None'
[12.488s] Level 5:colcon.colcon_core.verb:set package 'opencv_test' build argument 'cmake_target' from command line to 'None'
[12.488s] Level 5:colcon.colcon_core.verb:set package 'opencv_test' build argument 'cmake_target_skip_unavailable' from command line to 'False'
[12.488s] Level 5:colcon.colcon_core.verb:set package 'opencv_test' build argument 'cmake_clean_cache' from command line to 'False'
[12.489s] Level 5:colcon.colcon_core.verb:set package 'opencv_test' build argument 'cmake_clean_first' from command line to 'False'
[12.489s] Level 5:colcon.colcon_core.verb:set package 'opencv_test' build argument 'cmake_force_configure' from command line to 'False'
[12.489s] Level 5:colcon.colcon_core.verb:set package 'opencv_test' build argument 'ament_cmake_args' from command line to 'None'
[12.489s] Level 5:colcon.colcon_core.verb:set package 'opencv_test' build argument 'catkin_cmake_args' from command line to 'None'
[12.490s] Level 5:colcon.colcon_core.verb:set package 'opencv_test' build argument 'catkin_skip_building_tests' from command line to 'False'
[12.490s] DEBUG:colcon.colcon_core.verb:Building package 'opencv_test' with the following arguments: {'ament_cmake_args': None, 'build_base': '/home/kanixre/ros2_ws/build/opencv_test', 'catkin_cmake_args': None, 'catkin_skip_building_tests': False, 'cmake_args': None, 'cmake_clean_cache': False, 'cmake_clean_first': False, 'cmake_force_configure': False, 'cmake_target': None, 'cmake_target_skip_unavailable': False, 'install_base': '/home/kanixre/ros2_ws/install/opencv_test', 'merge_install': False, 'path': '/home/kanixre/ros2_ws/src/opencv_test', 'symlink_install': True, 'test_result_base': None}
[12.523s] Level 5:colcon.colcon_core.verb:set package 'robot_controller_1' build argument 'cmake_args' from command line to 'None'
[12.524s] Level 5:colcon.colcon_core.verb:set package 'robot_controller_1' build argument 'cmake_target' from command line to 'None'
[12.525s] Level 5:colcon.colcon_core.verb:set package 'robot_controller_1' build argument 'cmake_target_skip_unavailable' from command line to 'False'
[12.525s] Level 5:colcon.colcon_core.verb:set package 'robot_controller_1' build argument 'cmake_clean_cache' from command line to 'False'
[12.526s] Level 5:colcon.colcon_core.verb:set package 'robot_controller_1' build argument 'cmake_clean_first' from command line to 'False'
[12.526s] Level 5:colcon.colcon_core.verb:set package 'robot_controller_1' build argument 'cmake_force_configure' from command line to 'False'
[12.526s] Level 5:colcon.colcon_core.verb:set package 'robot_controller_1' build argument 'ament_cmake_args' from command line to 'None'
[12.526s] Level 5:colcon.colcon_core.verb:set package 'robot_controller_1' build argument 'catkin_cmake_args' from command line to 'None'
[12.526s] Level 5:colcon.colcon_core.verb:set package 'robot_controller_1' build argument 'catkin_skip_building_tests' from command line to 'False'
[12.526s] DEBUG:colcon.colcon_core.verb:Building package 'robot_controller_1' with the following arguments: {'ament_cmake_args': None, 'build_base': '/home/kanixre/ros2_ws/build/robot_controller_1', 'catkin_cmake_args': None, 'catkin_skip_building_tests': False, 'cmake_args': None, 'cmake_clean_cache': False, 'cmake_clean_first': False, 'cmake_force_configure': False, 'cmake_target': None, 'cmake_target_skip_unavailable': False, 'install_base': '/home/kanixre/ros2_ws/install/robot_controller_1', 'merge_install': False, 'path': '/home/kanixre/ros2_ws/src/robot_controller_1', 'symlink_install': True, 'test_result_base': None}
[12.659s] INFO:colcon.colcon_core.executor:Executing jobs using 'parallel' executor
[12.732s] DEBUG:colcon.colcon_parallel_executor.executor.parallel:run_until_complete
[12.744s] INFO:colcon.colcon_ros.task.ament_python.build:Building ROS package in '/home/kanixre/ros2_ws/src/opencv_test' with build type 'ament_python'
[12.745s] Level 1:colcon.colcon_core.shell:create_environment_hook('opencv_test', 'ament_prefix_path')
[12.883s] INFO:colcon.colcon_core.plugin_system:Skipping extension 'colcon_core.shell.bat': Not used on non-Windows systems
[12.891s] INFO:colcon.colcon_core.shell:Creating environment hook '/home/kanixre/ros2_ws/install/opencv_test/share/opencv_test/hook/ament_prefix_path.ps1'
[12.894s] INFO:colcon.colcon_core.shell:Creating environment descriptor '/home/kanixre/ros2_ws/install/opencv_test/share/opencv_test/hook/ament_prefix_path.dsv'
[12.896s] INFO:colcon.colcon_core.shell:Creating environment hook '/home/kanixre/ros2_ws/install/opencv_test/share/opencv_test/hook/ament_prefix_path.sh'
[12.983s] INFO:colcon.colcon_core.shell:Skip shell extension 'powershell' for command environment: Not usable outside of PowerShell
[12.990s] DEBUG:colcon.colcon_core.shell:Skip shell extension 'dsv' for command environment
[13.474s] INFO:colcon.colcon_ros.task.ament_python.build:Building ROS package in '/home/kanixre/ros2_ws/src/robot_controller_1' with build type 'ament_python'
[13.474s] Level 1:colcon.colcon_core.shell:create_environment_hook('robot_controller_1', 'ament_prefix_path')
[13.539s] INFO:colcon.colcon_core.shell:Creating environment hook '/home/kanixre/ros2_ws/install/robot_controller_1/share/robot_controller_1/hook/ament_prefix_path.ps1'
[13.551s] INFO:colcon.colcon_core.shell:Creating environment descriptor '/home/kanixre/ros2_ws/install/robot_controller_1/share/robot_controller_1/hook/ament_prefix_path.dsv'
[13.554s] INFO:colcon.colcon_core.shell:Creating environment hook '/home/kanixre/ros2_ws/install/robot_controller_1/share/robot_controller_1/hook/ament_prefix_path.sh'
[13.647s] INFO:colcon.colcon_core.shell:Skip shell extension 'powershell' for command environment: Not usable outside of PowerShell
[13.647s] DEBUG:colcon.colcon_core.shell:Skip shell extension 'dsv' for command environment
[14.803s] INFO:colcon.colcon_core.task.python.build:Building Python package in '/home/kanixre/ros2_ws/src/opencv_test'
[14.830s] INFO:colcon.colcon_core.shell:Skip shell extension 'powershell' for command environment: Not usable outside of PowerShell
[14.831s] DEBUG:colcon.colcon_core.shell:Skip shell extension 'dsv' for command environment
[15.748s] INFO:colcon.colcon_core.task.python.build:Building Python package in '/home/kanixre/ros2_ws/src/robot_controller_1'
[15.784s] INFO:colcon.colcon_core.shell:Skip shell extension 'powershell' for command environment: Not usable outside of PowerShell
[15.785s] DEBUG:colcon.colcon_core.shell:Skip shell extension 'dsv' for command environment
[17.975s] DEBUG:colcon.colcon_core.event_handler.log_command:Invoking command in '/home/kanixre/ros2_ws/build/robot_controller_1': PYTHONPATH=/home/kanixre/ros2_ws/build/robot_controller_1/prefix_override:/home/kanixre/ros2_ws/install/robot_controller_1/lib/python3.10/site-packages:${PYTHONPATH} /usr/bin/python3 setup.py develop --editable --build-directory /home/kanixre/ros2_ws/build/robot_controller_1/build --no-deps install_data
[18.541s] DEBUG:colcon.colcon_core.event_handler.log_command:Invoking command in '/home/kanixre/ros2_ws/build/opencv_test': PYTHONPATH=/home/kanixre/ros2_ws/build/opencv_test/prefix_override:/home/kanixre/ros2_ws/install/opencv_test/lib/python3.10/site-packages:${PYTHONPATH} /usr/bin/python3 setup.py develop --editable --build-directory /home/kanixre/ros2_ws/build/opencv_test/build --no-deps install_data
[22.890s] Level 1:colcon.colcon_core.shell:create_environment_hook('robot_controller_1', 'pythonpath_develop')
[22.892s] DEBUG:colcon.colcon_core.event_handler.log_command:Invoked command in '/home/kanixre/ros2_ws/build/robot_controller_1' returned '0': PYTHONPATH=/home/kanixre/ros2_ws/build/robot_controller_1/prefix_override:/home/kanixre/ros2_ws/install/robot_controller_1/lib/python3.10/site-packages:${PYTHONPATH} /usr/bin/python3 setup.py develop --editable --build-directory /home/kanixre/ros2_ws/build/robot_controller_1/build --no-deps install_data
[23.019s] INFO:colcon.colcon_core.shell:Creating environment hook '/home/kanixre/ros2_ws/build/robot_controller_1/share/robot_controller_1/hook/pythonpath_develop.ps1'
[23.033s] INFO:colcon.colcon_core.shell:Creating environment descriptor '/home/kanixre/ros2_ws/build/robot_controller_1/share/robot_controller_1/hook/pythonpath_develop.dsv'
[23.037s] INFO:colcon.colcon_core.shell:Creating environment hook '/home/kanixre/ros2_ws/build/robot_controller_1/share/robot_controller_1/hook/pythonpath_develop.sh'
[23.146s] Level 1:colcon.colcon_core.environment:checking '/home/kanixre/ros2_ws/install/robot_controller_1' for CMake module files
[23.158s] Level 1:colcon.colcon_core.environment:checking '/home/kanixre/ros2_ws/install/robot_controller_1' for CMake config files
[23.160s] Level 1:colcon.colcon_core.environment:checking '/home/kanixre/ros2_ws/install/robot_controller_1/lib'
[23.161s] Level 1:colcon.colcon_core.environment:checking '/home/kanixre/ros2_ws/install/robot_controller_1/bin'
[23.161s] Level 1:colcon.colcon_core.environment:checking '/home/kanixre/ros2_ws/install/robot_controller_1/lib/pkgconfig/robot_controller_1.pc'
[23.161s] Level 1:colcon.colcon_core.environment:checking '/home/kanixre/ros2_ws/install/robot_controller_1/lib/python3.10/site-packages'
[23.161s] Level 1:colcon.colcon_core.shell:create_environment_hook('robot_controller_1', 'pythonpath')
[23.218s] INFO:colcon.colcon_core.shell:Creating environment hook '/home/kanixre/ros2_ws/install/robot_controller_1/share/robot_controller_1/hook/pythonpath.ps1'
[23.220s] INFO:colcon.colcon_core.shell:Creating environment descriptor '/home/kanixre/ros2_ws/install/robot_controller_1/share/robot_controller_1/hook/pythonpath.dsv'
[23.221s] INFO:colcon.colcon_core.shell:Creating environment hook '/home/kanixre/ros2_ws/install/robot_controller_1/share/robot_controller_1/hook/pythonpath.sh'
[23.223s] Level 1:colcon.colcon_core.environment:checking '/home/kanixre/ros2_ws/install/robot_controller_1/bin'
[23.223s] Level 1:colcon.colcon_core.environment:create_environment_scripts_only(robot_controller_1)
[23.297s] INFO:colcon.colcon_core.shell:Creating package script '/home/kanixre/ros2_ws/install/robot_controller_1/share/robot_controller_1/package.ps1'
[23.327s] INFO:colcon.colcon_core.shell:Creating package descriptor '/home/kanixre/ros2_ws/install/robot_controller_1/share/robot_controller_1/package.dsv'
[23.329s] INFO:colcon.colcon_core.shell:Creating package script '/home/kanixre/ros2_ws/install/robot_controller_1/share/robot_controller_1/package.sh'
[23.345s] INFO:colcon.colcon_core.shell:Creating package script '/home/kanixre/ros2_ws/install/robot_controller_1/share/robot_controller_1/package.bash'
[23.356s] INFO:colcon.colcon_core.shell:Creating package script '/home/kanixre/ros2_ws/install/robot_controller_1/share/robot_controller_1/package.zsh'
[23.366s] Level 1:colcon.colcon_core.environment:create_file_with_runtime_dependencies(/home/kanixre/ros2_ws/install/robot_controller_1/share/colcon-core/packages/robot_controller_1)
[23.368s] Level 1:colcon.colcon_core.shell:create_environment_hook('opencv_test', 'pythonpath_develop')
[23.383s] DEBUG:colcon.colcon_core.event_handler.log_command:Invoked command in '/home/kanixre/ros2_ws/build/opencv_test' returned '0': PYTHONPATH=/home/kanixre/ros2_ws/build/opencv_test/prefix_override:/home/kanixre/ros2_ws/install/opencv_test/lib/python3.10/site-packages:${PYTHONPATH} /usr/bin/python3 setup.py develop --editable --build-directory /home/kanixre/ros2_ws/build/opencv_test/build --no-deps install_data
[23.483s] INFO:colcon.colcon_core.shell:Creating environment hook '/home/kanixre/ros2_ws/build/opencv_test/share/opencv_test/hook/pythonpath_develop.ps1'
[23.490s] INFO:colcon.colcon_core.shell:Creating environment descriptor '/home/kanixre/ros2_ws/build/opencv_test/share/opencv_test/hook/pythonpath_develop.dsv'
[23.492s] INFO:colcon.colcon_core.shell:Creating environment hook '/home/kanixre/ros2_ws/build/opencv_test/share/opencv_test/hook/pythonpath_develop.sh'
[23.583s] Level 1:colcon.colcon_core.environment:checking '/home/kanixre/ros2_ws/install/opencv_test' for CMake module files
[23.600s] Level 1:colcon.colcon_core.environment:checking '/home/kanixre/ros2_ws/install/opencv_test' for CMake config files
[23.601s] Level 1:colcon.colcon_core.environment:checking '/home/kanixre/ros2_ws/install/opencv_test/lib'
[23.601s] Level 1:colcon.colcon_core.environment:checking '/home/kanixre/ros2_ws/install/opencv_test/bin'
[23.601s] Level 1:colcon.colcon_core.environment:checking '/home/kanixre/ros2_ws/install/opencv_test/lib/pkgconfig/opencv_test.pc'
[23.602s] Level 1:colcon.colcon_core.environment:checking '/home/kanixre/ros2_ws/install/opencv_test/lib/python3.10/site-packages'
[23.602s] Level 1:colcon.colcon_core.shell:create_environment_hook('opencv_test', 'pythonpath')
[23.677s] INFO:colcon.colcon_core.shell:Creating environment hook '/home/kanixre/ros2_ws/install/opencv_test/share/opencv_test/hook/pythonpath.ps1'
[23.686s] INFO:colcon.colcon_core.shell:Creating environment descriptor '/home/kanixre/ros2_ws/install/opencv_test/share/opencv_test/hook/pythonpath.dsv'
[23.687s] INFO:colcon.colcon_core.shell:Creating environment hook '/home/kanixre/ros2_ws/install/opencv_test/share/opencv_test/hook/pythonpath.sh'
[23.688s] Level 1:colcon.colcon_core.environment:checking '/home/kanixre/ros2_ws/install/opencv_test/bin'
[23.688s] Level 1:colcon.colcon_core.environment:create_environment_scripts_only(opencv_test)
[23.720s] INFO:colcon.colcon_core.shell:Creating package script '/home/kanixre/ros2_ws/install/opencv_test/share/opencv_test/package.ps1'
[23.721s] INFO:colcon.colcon_core.shell:Creating package descriptor '/home/kanixre/ros2_ws/install/opencv_test/share/opencv_test/package.dsv'
[23.722s] INFO:colcon.colcon_core.shell:Creating package script '/home/kanixre/ros2_ws/install/opencv_test/share/opencv_test/package.sh'
[23.723s] INFO:colcon.colcon_core.shell:Creating package script '/home/kanixre/ros2_ws/install/opencv_test/share/opencv_test/package.bash'
[23.724s] INFO:colcon.colcon_core.shell:Creating package script '/home/kanixre/ros2_ws/install/opencv_test/share/opencv_test/package.zsh'
[23.725s] Level 1:colcon.colcon_core.environment:create_file_with_runtime_dependencies(/home/kanixre/ros2_ws/install/opencv_test/share/colcon-core/packages/opencv_test)
[23.727s] DEBUG:colcon.colcon_parallel_executor.executor.parallel:closing loop
[23.729s] DEBUG:colcon.colcon_parallel_executor.executor.parallel:loop closed
[23.729s] DEBUG:colcon.colcon_parallel_executor.executor.parallel:run_until_complete finished with '0'
[23.734s] DEBUG:colcon.colcon_core.event_reactor:joining thread
[23.912s] INFO:colcon.colcon_core.plugin_system:Skipping extension 'colcon_notification.desktop_notification.terminal_notifier': Not used on non-Darwin systems
[23.923s] INFO:colcon.colcon_core.plugin_system:Skipping extension 'colcon_notification.desktop_notification.win32': Not used on non-Windows systems
[23.924s] INFO:colcon.colcon_notification.desktop_notification:Sending desktop notification using 'notify2'
[24.030s] DEBUG:colcon.colcon_core.event_reactor:joined thread
[24.073s] INFO:colcon.colcon_core.shell:Creating prefix script '/home/kanixre/ros2_ws/install/local_setup.ps1'
[24.079s] INFO:colcon.colcon_core.shell:Creating prefix util module '/home/kanixre/ros2_ws/install/_local_setup_util_ps1.py'
[24.101s] INFO:colcon.colcon_core.shell:Creating prefix chain script '/home/kanixre/ros2_ws/install/setup.ps1'
[24.158s] INFO:colcon.colcon_core.shell:Creating prefix script '/home/kanixre/ros2_ws/install/local_setup.sh'
[24.161s] INFO:colcon.colcon_core.shell:Creating prefix util module '/home/kanixre/ros2_ws/install/_local_setup_util_sh.py'
[24.164s] INFO:colcon.colcon_core.shell:Creating prefix chain script '/home/kanixre/ros2_ws/install/setup.sh'
[24.212s] INFO:colcon.colcon_core.shell:Creating prefix script '/home/kanixre/ros2_ws/install/local_setup.bash'
[24.223s] INFO:colcon.colcon_core.shell:Creating prefix chain script '/home/kanixre/ros2_ws/install/setup.bash'
[24.297s] INFO:colcon.colcon_core.shell:Creating prefix script '/home/kanixre/ros2_ws/install/local_setup.zsh'
[24.300s] INFO:colcon.colcon_core.shell:Creating prefix chain script '/home/kanixre/ros2_ws/install/setup.zsh'
