[0.695s] DEBUG:colcon:Command line arguments: ['/usr/bin/colcon', 'build']
[0.696s] DEBUG:colcon:Parsed command line arguments: Namespace(log_base=None, log_level=None, verb_name='build', build_base='build', install_base='install', merge_install=False, symlink_install=False, test_result_base=None, continue_on_error=False, executor='parallel', parallel_workers=12, event_handlers=None, ignore_user_meta=False, metas=['./colcon.meta'], base_paths=['.'], packages_ignore=None, packages_ignore_regex=None, paths=None, packages_up_to=None, packages_up_to_regex=None, packages_above=None, packages_above_and_dependencies=None, packages_above_depth=None, packages_select_by_dep=None, packages_skip_by_dep=None, packages_skip_up_to=None, packages_select_build_failed=False, packages_skip_build_finished=False, packages_select_test_failures=False, packages_skip_test_passed=False, packages_select=None, packages_skip=None, packages_select_regex=None, packages_skip_regex=None, packages_start=None, packages_end=None, allow_overriding=[], cmake_args=None, cmake_target=None, cmake_target_skip_unavailable=False, cmake_clean_cache=False, cmake_clean_first=False, cmake_force_configure=False, ament_cmake_args=None, catkin_cmake_args=None, catkin_skip_building_tests=False, verb_parser=<colcon_defaults.argument_parser.defaults.DefaultArgumentsDecorator object at 0x7fe428eb5d20>, verb_extension=<colcon_core.verb.build.BuildVerb object at 0x7fe429134b20>, main=<bound method BuildVerb.main of <colcon_core.verb.build.BuildVerb object at 0x7fe429134b20>>)
[0.725s] Level 1:colcon.colcon_core.package_discovery:discover_packages(colcon_meta) check parameters
[0.726s] Level 1:colcon.colcon_core.package_discovery:discover_packages(recursive) check parameters
[0.726s] Level 1:colcon.colcon_core.package_discovery:discover_packages(ignore) check parameters
[0.726s] Level 1:colcon.colcon_core.package_discovery:discover_packages(path) check parameters
[0.726s] Level 1:colcon.colcon_core.package_discovery:discover_packages(colcon_meta) discover
[0.726s] Level 1:colcon.colcon_core.package_discovery:discover_packages(recursive) discover
[0.726s] INFO:colcon.colcon_core.package_discovery:Crawling recursively for packages in '/home/kanixre/ros_ws1_wsl/ros2_ws1'
[0.726s] Level 1:colcon.colcon_core.package_identification:_identify(.) by extensions ['ignore', 'ignore_ament_install']
[0.726s] Level 1:colcon.colcon_core.package_identification:_identify(.) by extension 'ignore'
[0.726s] Level 1:colcon.colcon_core.package_identification:_identify(.) by extension 'ignore_ament_install'
[0.726s] Level 1:colcon.colcon_core.package_identification:_identify(.) by extensions ['colcon_pkg']
[0.726s] Level 1:colcon.colcon_core.package_identification:_identify(.) by extension 'colcon_pkg'
[0.726s] Level 1:colcon.colcon_core.package_identification:_identify(.) by extensions ['colcon_meta']
[0.726s] Level 1:colcon.colcon_core.package_identification:_identify(.) by extension 'colcon_meta'
[0.726s] Level 1:colcon.colcon_core.package_identification:_identify(.) by extensions ['ros']
[0.726s] Level 1:colcon.colcon_core.package_identification:_identify(.) by extension 'ros'
[0.734s] Level 1:colcon.colcon_core.package_identification:_identify(.) by extensions ['cmake', 'python']
[0.734s] Level 1:colcon.colcon_core.package_identification:_identify(.) by extension 'cmake'
[0.734s] Level 1:colcon.colcon_core.package_identification:_identify(.) by extension 'python'
[0.734s] Level 1:colcon.colcon_core.package_identification:_identify(.) by extensions ['python_setup_py']
[0.734s] Level 1:colcon.colcon_core.package_identification:_identify(.) by extension 'python_setup_py'
[0.734s] Level 1:colcon.colcon_core.package_identification:_identify(build) by extensions ['ignore', 'ignore_ament_install']
[0.735s] Level 1:colcon.colcon_core.package_identification:_identify(build) by extension 'ignore'
[0.735s] Level 1:colcon.colcon_core.package_identification:_identify(build) ignored
[0.735s] Level 1:colcon.colcon_core.package_identification:_identify(install) by extensions ['ignore', 'ignore_ament_install']
[0.735s] Level 1:colcon.colcon_core.package_identification:_identify(install) by extension 'ignore'
[0.735s] Level 1:colcon.colcon_core.package_identification:_identify(install) ignored
[0.735s] Level 1:colcon.colcon_core.package_identification:_identify(log) by extensions ['ignore', 'ignore_ament_install']
[0.735s] Level 1:colcon.colcon_core.package_identification:_identify(log) by extension 'ignore'
[0.735s] Level 1:colcon.colcon_core.package_identification:_identify(log) ignored
[0.735s] Level 1:colcon.colcon_core.package_identification:_identify(src) by extensions ['ignore', 'ignore_ament_install']
[0.736s] Level 1:colcon.colcon_core.package_identification:_identify(src) by extension 'ignore'
[0.736s] Level 1:colcon.colcon_core.package_identification:_identify(src) by extension 'ignore_ament_install'
[0.736s] Level 1:colcon.colcon_core.package_identification:_identify(src) by extensions ['colcon_pkg']
[0.736s] Level 1:colcon.colcon_core.package_identification:_identify(src) by extension 'colcon_pkg'
[0.736s] Level 1:colcon.colcon_core.package_identification:_identify(src) by extensions ['colcon_meta']
[0.736s] Level 1:colcon.colcon_core.package_identification:_identify(src) by extension 'colcon_meta'
[0.736s] Level 1:colcon.colcon_core.package_identification:_identify(src) by extensions ['ros']
[0.736s] Level 1:colcon.colcon_core.package_identification:_identify(src) by extension 'ros'
[0.736s] Level 1:colcon.colcon_core.package_identification:_identify(src) by extensions ['cmake', 'python']
[0.736s] Level 1:colcon.colcon_core.package_identification:_identify(src) by extension 'cmake'
[0.736s] Level 1:colcon.colcon_core.package_identification:_identify(src) by extension 'python'
[0.736s] Level 1:colcon.colcon_core.package_identification:_identify(src) by extensions ['python_setup_py']
[0.736s] Level 1:colcon.colcon_core.package_identification:_identify(src) by extension 'python_setup_py'
[0.736s] Level 1:colcon.colcon_core.package_identification:_identify(src/opencv_test) by extensions ['ignore', 'ignore_ament_install']
[0.736s] Level 1:colcon.colcon_core.package_identification:_identify(src/opencv_test) by extension 'ignore'
[0.736s] Level 1:colcon.colcon_core.package_identification:_identify(src/opencv_test) by extension 'ignore_ament_install'
[0.736s] Level 1:colcon.colcon_core.package_identification:_identify(src/opencv_test) by extensions ['colcon_pkg']
[0.736s] Level 1:colcon.colcon_core.package_identification:_identify(src/opencv_test) by extension 'colcon_pkg'
[0.736s] Level 1:colcon.colcon_core.package_identification:_identify(src/opencv_test) by extensions ['colcon_meta']
[0.736s] Level 1:colcon.colcon_core.package_identification:_identify(src/opencv_test) by extension 'colcon_meta'
[0.736s] Level 1:colcon.colcon_core.package_identification:_identify(src/opencv_test) by extensions ['ros']
[0.736s] Level 1:colcon.colcon_core.package_identification:_identify(src/opencv_test) by extension 'ros'
[0.738s] DEBUG:colcon.colcon_core.package_identification:Package 'src/opencv_test' with type 'ros.ament_python' and name 'opencv_test'
[0.738s] Level 1:colcon.colcon_core.package_identification:_identify(src/robot_controller_1) by extensions ['ignore', 'ignore_ament_install']
[0.738s] Level 1:colcon.colcon_core.package_identification:_identify(src/robot_controller_1) by extension 'ignore'
[0.739s] Level 1:colcon.colcon_core.package_identification:_identify(src/robot_controller_1) by extension 'ignore_ament_install'
[0.739s] Level 1:colcon.colcon_core.package_identification:_identify(src/robot_controller_1) by extensions ['colcon_pkg']
[0.739s] Level 1:colcon.colcon_core.package_identification:_identify(src/robot_controller_1) by extension 'colcon_pkg'
[0.739s] Level 1:colcon.colcon_core.package_identification:_identify(src/robot_controller_1) by extensions ['colcon_meta']
[0.739s] Level 1:colcon.colcon_core.package_identification:_identify(src/robot_controller_1) by extension 'colcon_meta'
[0.739s] Level 1:colcon.colcon_core.package_identification:_identify(src/robot_controller_1) by extensions ['ros']
[0.739s] Level 1:colcon.colcon_core.package_identification:_identify(src/robot_controller_1) by extension 'ros'
[0.739s] DEBUG:colcon.colcon_core.package_identification:Package 'src/robot_controller_1' with type 'ros.ament_python' and name 'robot_controller_1'
[0.739s] Level 1:colcon.colcon_core.package_discovery:discover_packages(recursive) using defaults
[0.739s] Level 1:colcon.colcon_core.package_discovery:discover_packages(ignore) discover
[0.739s] Level 1:colcon.colcon_core.package_discovery:discover_packages(ignore) using defaults
[0.739s] Level 1:colcon.colcon_core.package_discovery:discover_packages(path) discover
[0.739s] Level 1:colcon.colcon_core.package_discovery:discover_packages(path) using defaults
[0.795s] Level 1:colcon.colcon_core.package_discovery:discover_packages(prefix_path) check parameters
[0.795s] Level 1:colcon.colcon_core.package_discovery:discover_packages(prefix_path) discover
[0.813s] DEBUG:colcon.colcon_installed_package_information.package_discovery:Found 347 installed packages in /opt/ros/humble
[0.814s] Level 1:colcon.colcon_core.package_discovery:discover_packages(prefix_path) using defaults
[0.878s] Level 5:colcon.colcon_core.verb:set package 'opencv_test' build argument 'cmake_args' from command line to 'None'
[0.878s] Level 5:colcon.colcon_core.verb:set package 'opencv_test' build argument 'cmake_target' from command line to 'None'
[0.878s] Level 5:colcon.colcon_core.verb:set package 'opencv_test' build argument 'cmake_target_skip_unavailable' from command line to 'False'
[0.878s] Level 5:colcon.colcon_core.verb:set package 'opencv_test' build argument 'cmake_clean_cache' from command line to 'False'
[0.878s] Level 5:colcon.colcon_core.verb:set package 'opencv_test' build argument 'cmake_clean_first' from command line to 'False'
[0.878s] Level 5:colcon.colcon_core.verb:set package 'opencv_test' build argument 'cmake_force_configure' from command line to 'False'
[0.878s] Level 5:colcon.colcon_core.verb:set package 'opencv_test' build argument 'ament_cmake_args' from command line to 'None'
[0.879s] Level 5:colcon.colcon_core.verb:set package 'opencv_test' build argument 'catkin_cmake_args' from command line to 'None'
[0.879s] Level 5:colcon.colcon_core.verb:set package 'opencv_test' build argument 'catkin_skip_building_tests' from command line to 'False'
[0.879s] DEBUG:colcon.colcon_core.verb:Building package 'opencv_test' with the following arguments: {'ament_cmake_args': None, 'build_base': '/home/kanixre/ros_ws1_wsl/ros2_ws1/build/opencv_test', 'catkin_cmake_args': None, 'catkin_skip_building_tests': False, 'cmake_args': None, 'cmake_clean_cache': False, 'cmake_clean_first': False, 'cmake_force_configure': False, 'cmake_target': None, 'cmake_target_skip_unavailable': False, 'install_base': '/home/kanixre/ros_ws1_wsl/ros2_ws1/install/opencv_test', 'merge_install': False, 'path': '/home/kanixre/ros_ws1_wsl/ros2_ws1/src/opencv_test', 'symlink_install': False, 'test_result_base': None}
[0.887s] Level 5:colcon.colcon_core.verb:set package 'robot_controller_1' build argument 'cmake_args' from command line to 'None'
[0.888s] Level 5:colcon.colcon_core.verb:set package 'robot_controller_1' build argument 'cmake_target' from command line to 'None'
[0.888s] Level 5:colcon.colcon_core.verb:set package 'robot_controller_1' build argument 'cmake_target_skip_unavailable' from command line to 'False'
[0.888s] Level 5:colcon.colcon_core.verb:set package 'robot_controller_1' build argument 'cmake_clean_cache' from command line to 'False'
[0.888s] Level 5:colcon.colcon_core.verb:set package 'robot_controller_1' build argument 'cmake_clean_first' from command line to 'False'
[0.888s] Level 5:colcon.colcon_core.verb:set package 'robot_controller_1' build argument 'cmake_force_configure' from command line to 'False'
[0.888s] Level 5:colcon.colcon_core.verb:set package 'robot_controller_1' build argument 'ament_cmake_args' from command line to 'None'
[0.888s] Level 5:colcon.colcon_core.verb:set package 'robot_controller_1' build argument 'catkin_cmake_args' from command line to 'None'
[0.888s] Level 5:colcon.colcon_core.verb:set package 'robot_controller_1' build argument 'catkin_skip_building_tests' from command line to 'False'
[0.888s] DEBUG:colcon.colcon_core.verb:Building package 'robot_controller_1' with the following arguments: {'ament_cmake_args': None, 'build_base': '/home/kanixre/ros_ws1_wsl/ros2_ws1/build/robot_controller_1', 'catkin_cmake_args': None, 'catkin_skip_building_tests': False, 'cmake_args': None, 'cmake_clean_cache': False, 'cmake_clean_first': False, 'cmake_force_configure': False, 'cmake_target': None, 'cmake_target_skip_unavailable': False, 'install_base': '/home/kanixre/ros_ws1_wsl/ros2_ws1/install/robot_controller_1', 'merge_install': False, 'path': '/home/kanixre/ros_ws1_wsl/ros2_ws1/src/robot_controller_1', 'symlink_install': False, 'test_result_base': None}
[0.896s] INFO:colcon.colcon_core.executor:Executing jobs using 'parallel' executor
[0.907s] DEBUG:colcon.colcon_parallel_executor.executor.parallel:run_until_complete
[0.907s] INFO:colcon.colcon_ros.task.ament_python.build:Building ROS package in '/home/kanixre/ros_ws1_wsl/ros2_ws1/src/opencv_test' with build type 'ament_python'
[0.907s] Level 1:colcon.colcon_core.shell:create_environment_hook('opencv_test', 'ament_prefix_path')
[0.918s] INFO:colcon.colcon_core.plugin_system:Skipping extension 'colcon_core.shell.bat': Not used on non-Windows systems
[0.919s] INFO:colcon.colcon_core.shell:Creating environment hook '/home/kanixre/ros_ws1_wsl/ros2_ws1/install/opencv_test/share/opencv_test/hook/ament_prefix_path.ps1'
[0.919s] INFO:colcon.colcon_core.shell:Creating environment descriptor '/home/kanixre/ros_ws1_wsl/ros2_ws1/install/opencv_test/share/opencv_test/hook/ament_prefix_path.dsv'
[0.920s] INFO:colcon.colcon_core.shell:Creating environment hook '/home/kanixre/ros_ws1_wsl/ros2_ws1/install/opencv_test/share/opencv_test/hook/ament_prefix_path.sh'
[0.930s] INFO:colcon.colcon_core.shell:Skip shell extension 'powershell' for command environment: Not usable outside of PowerShell
[0.930s] DEBUG:colcon.colcon_core.shell:Skip shell extension 'dsv' for command environment
[0.950s] INFO:colcon.colcon_ros.task.ament_python.build:Building ROS package in '/home/kanixre/ros_ws1_wsl/ros2_ws1/src/robot_controller_1' with build type 'ament_python'
[0.951s] Level 1:colcon.colcon_core.shell:create_environment_hook('robot_controller_1', 'ament_prefix_path')
[0.961s] INFO:colcon.colcon_core.shell:Creating environment hook '/home/kanixre/ros_ws1_wsl/ros2_ws1/install/robot_controller_1/share/robot_controller_1/hook/ament_prefix_path.ps1'
[0.961s] INFO:colcon.colcon_core.shell:Creating environment descriptor '/home/kanixre/ros_ws1_wsl/ros2_ws1/install/robot_controller_1/share/robot_controller_1/hook/ament_prefix_path.dsv'
[0.962s] INFO:colcon.colcon_core.shell:Creating environment hook '/home/kanixre/ros_ws1_wsl/ros2_ws1/install/robot_controller_1/share/robot_controller_1/hook/ament_prefix_path.sh'
[0.972s] INFO:colcon.colcon_core.shell:Skip shell extension 'powershell' for command environment: Not usable outside of PowerShell
[0.972s] DEBUG:colcon.colcon_core.shell:Skip shell extension 'dsv' for command environment
[1.185s] INFO:colcon.colcon_core.task.python.build:Building Python package in '/home/kanixre/ros_ws1_wsl/ros2_ws1/src/opencv_test'
[1.204s] INFO:colcon.colcon_core.shell:Skip shell extension 'powershell' for command environment: Not usable outside of PowerShell
[1.204s] DEBUG:colcon.colcon_core.shell:Skip shell extension 'dsv' for command environment
[1.425s] INFO:colcon.colcon_core.task.python.build:Building Python package in '/home/kanixre/ros_ws1_wsl/ros2_ws1/src/robot_controller_1'
[1.436s] INFO:colcon.colcon_core.shell:Skip shell extension 'powershell' for command environment: Not usable outside of PowerShell
[1.436s] DEBUG:colcon.colcon_core.shell:Skip shell extension 'dsv' for command environment
[1.723s] DEBUG:colcon.colcon_core.event_handler.log_command:Invoking command in '/home/kanixre/ros_ws1_wsl/ros2_ws1/src/opencv_test': PYTHONPATH=/home/kanixre/ros_ws1_wsl/ros2_ws1/build/opencv_test/prefix_override:/home/kanixre/ros_ws1_wsl/ros2_ws1/install/opencv_test/lib/python3.10/site-packages:${PYTHONPATH} WSLENV=ELECTRON_RUN_AS_NODE/w:WT_SESSION:WT_PROFILE_ID: /usr/bin/python3 setup.py egg_info --egg-base ../../build/opencv_test build --build-base /home/kanixre/ros_ws1_wsl/ros2_ws1/build/opencv_test/build install --record /home/kanixre/ros_ws1_wsl/ros2_ws1/build/opencv_test/install.log --single-version-externally-managed
[1.727s] DEBUG:colcon.colcon_core.event_handler.log_command:Invoking command in '/home/kanixre/ros_ws1_wsl/ros2_ws1/src/robot_controller_1': PYTHONPATH=/home/kanixre/ros_ws1_wsl/ros2_ws1/build/robot_controller_1/prefix_override:/home/kanixre/ros_ws1_wsl/ros2_ws1/install/robot_controller_1/lib/python3.10/site-packages:${PYTHONPATH} WSLENV=ELECTRON_RUN_AS_NODE/w:WT_SESSION:WT_PROFILE_ID: /usr/bin/python3 setup.py egg_info --egg-base ../../build/robot_controller_1 build --build-base /home/kanixre/ros_ws1_wsl/ros2_ws1/build/robot_controller_1/build install --record /home/kanixre/ros_ws1_wsl/ros2_ws1/build/robot_controller_1/install.log --single-version-externally-managed
[1.939s] DEBUG:colcon.colcon_core.event_handler.log_command:Invoked command in '/home/kanixre/ros_ws1_wsl/ros2_ws1/src/robot_controller_1' returned '0': PYTHONPATH=/home/kanixre/ros_ws1_wsl/ros2_ws1/build/robot_controller_1/prefix_override:/home/kanixre/ros_ws1_wsl/ros2_ws1/install/robot_controller_1/lib/python3.10/site-packages:${PYTHONPATH} WSLENV=ELECTRON_RUN_AS_NODE/w:WT_SESSION:WT_PROFILE_ID: /usr/bin/python3 setup.py egg_info --egg-base ../../build/robot_controller_1 build --build-base /home/kanixre/ros_ws1_wsl/ros2_ws1/build/robot_controller_1/build install --record /home/kanixre/ros_ws1_wsl/ros2_ws1/build/robot_controller_1/install.log --single-version-externally-managed
[1.952s] Level 1:colcon.colcon_core.environment:checking '/home/kanixre/ros_ws1_wsl/ros2_ws1/install/robot_controller_1' for CMake module files
[1.952s] Level 1:colcon.colcon_core.environment:checking '/home/kanixre/ros_ws1_wsl/ros2_ws1/install/robot_controller_1' for CMake config files
[1.952s] Level 1:colcon.colcon_core.environment:checking '/home/kanixre/ros_ws1_wsl/ros2_ws1/install/robot_controller_1/lib'
[1.953s] Level 1:colcon.colcon_core.environment:checking '/home/kanixre/ros_ws1_wsl/ros2_ws1/install/robot_controller_1/bin'
[1.953s] Level 1:colcon.colcon_core.environment:checking '/home/kanixre/ros_ws1_wsl/ros2_ws1/install/robot_controller_1/lib/pkgconfig/robot_controller_1.pc'
[1.953s] Level 1:colcon.colcon_core.environment:checking '/home/kanixre/ros_ws1_wsl/ros2_ws1/install/robot_controller_1/lib/python3.10/site-packages'
[1.953s] Level 1:colcon.colcon_core.shell:create_environment_hook('robot_controller_1', 'pythonpath')
[1.962s] INFO:colcon.colcon_core.shell:Creating environment hook '/home/kanixre/ros_ws1_wsl/ros2_ws1/install/robot_controller_1/share/robot_controller_1/hook/pythonpath.ps1'
[1.962s] INFO:colcon.colcon_core.shell:Creating environment descriptor '/home/kanixre/ros_ws1_wsl/ros2_ws1/install/robot_controller_1/share/robot_controller_1/hook/pythonpath.dsv'
[1.962s] INFO:colcon.colcon_core.shell:Creating environment hook '/home/kanixre/ros_ws1_wsl/ros2_ws1/install/robot_controller_1/share/robot_controller_1/hook/pythonpath.sh'
[1.963s] Level 1:colcon.colcon_core.environment:checking '/home/kanixre/ros_ws1_wsl/ros2_ws1/install/robot_controller_1/bin'
[1.963s] Level 1:colcon.colcon_core.environment:create_environment_scripts_only(robot_controller_1)
[1.972s] INFO:colcon.colcon_core.shell:Creating package script '/home/kanixre/ros_ws1_wsl/ros2_ws1/install/robot_controller_1/share/robot_controller_1/package.ps1'
[1.972s] INFO:colcon.colcon_core.shell:Creating package descriptor '/home/kanixre/ros_ws1_wsl/ros2_ws1/install/robot_controller_1/share/robot_controller_1/package.dsv'
[1.973s] INFO:colcon.colcon_core.shell:Creating package script '/home/kanixre/ros_ws1_wsl/ros2_ws1/install/robot_controller_1/share/robot_controller_1/package.sh'
[1.973s] INFO:colcon.colcon_core.shell:Creating package script '/home/kanixre/ros_ws1_wsl/ros2_ws1/install/robot_controller_1/share/robot_controller_1/package.bash'
[1.974s] INFO:colcon.colcon_core.shell:Creating package script '/home/kanixre/ros_ws1_wsl/ros2_ws1/install/robot_controller_1/share/robot_controller_1/package.zsh'
[1.974s] Level 1:colcon.colcon_core.environment:create_file_with_runtime_dependencies(/home/kanixre/ros_ws1_wsl/ros2_ws1/install/robot_controller_1/share/colcon-core/packages/robot_controller_1)
[1.977s] DEBUG:colcon.colcon_core.event_handler.log_command:Invoked command in '/home/kanixre/ros_ws1_wsl/ros2_ws1/src/opencv_test' returned '0': PYTHONPATH=/home/kanixre/ros_ws1_wsl/ros2_ws1/build/opencv_test/prefix_override:/home/kanixre/ros_ws1_wsl/ros2_ws1/install/opencv_test/lib/python3.10/site-packages:${PYTHONPATH} WSLENV=ELECTRON_RUN_AS_NODE/w:WT_SESSION:WT_PROFILE_ID: /usr/bin/python3 setup.py egg_info --egg-base ../../build/opencv_test build --build-base /home/kanixre/ros_ws1_wsl/ros2_ws1/build/opencv_test/build install --record /home/kanixre/ros_ws1_wsl/ros2_ws1/build/opencv_test/install.log --single-version-externally-managed
[1.985s] Level 1:colcon.colcon_core.environment:checking '/home/kanixre/ros_ws1_wsl/ros2_ws1/install/opencv_test' for CMake module files
[1.986s] Level 1:colcon.colcon_core.environment:checking '/home/kanixre/ros_ws1_wsl/ros2_ws1/install/opencv_test' for CMake config files
[1.986s] Level 1:colcon.colcon_core.environment:checking '/home/kanixre/ros_ws1_wsl/ros2_ws1/install/opencv_test/lib'
[1.987s] Level 1:colcon.colcon_core.environment:checking '/home/kanixre/ros_ws1_wsl/ros2_ws1/install/opencv_test/bin'
[1.987s] Level 1:colcon.colcon_core.environment:checking '/home/kanixre/ros_ws1_wsl/ros2_ws1/install/opencv_test/lib/pkgconfig/opencv_test.pc'
[1.987s] Level 1:colcon.colcon_core.environment:checking '/home/kanixre/ros_ws1_wsl/ros2_ws1/install/opencv_test/lib/python3.10/site-packages'
[1.987s] Level 1:colcon.colcon_core.shell:create_environment_hook('opencv_test', 'pythonpath')
[1.997s] INFO:colcon.colcon_core.shell:Creating environment hook '/home/kanixre/ros_ws1_wsl/ros2_ws1/install/opencv_test/share/opencv_test/hook/pythonpath.ps1'
[1.998s] INFO:colcon.colcon_core.shell:Creating environment descriptor '/home/kanixre/ros_ws1_wsl/ros2_ws1/install/opencv_test/share/opencv_test/hook/pythonpath.dsv'
[1.998s] INFO:colcon.colcon_core.shell:Creating environment hook '/home/kanixre/ros_ws1_wsl/ros2_ws1/install/opencv_test/share/opencv_test/hook/pythonpath.sh'
[1.999s] Level 1:colcon.colcon_core.environment:checking '/home/kanixre/ros_ws1_wsl/ros2_ws1/install/opencv_test/bin'
[1.999s] Level 1:colcon.colcon_core.environment:create_environment_scripts_only(opencv_test)
[2.007s] INFO:colcon.colcon_core.shell:Creating package script '/home/kanixre/ros_ws1_wsl/ros2_ws1/install/opencv_test/share/opencv_test/package.ps1'
[2.008s] INFO:colcon.colcon_core.shell:Creating package descriptor '/home/kanixre/ros_ws1_wsl/ros2_ws1/install/opencv_test/share/opencv_test/package.dsv'
[2.008s] INFO:colcon.colcon_core.shell:Creating package script '/home/kanixre/ros_ws1_wsl/ros2_ws1/install/opencv_test/share/opencv_test/package.sh'
[2.009s] INFO:colcon.colcon_core.shell:Creating package script '/home/kanixre/ros_ws1_wsl/ros2_ws1/install/opencv_test/share/opencv_test/package.bash'
[2.009s] INFO:colcon.colcon_core.shell:Creating package script '/home/kanixre/ros_ws1_wsl/ros2_ws1/install/opencv_test/share/opencv_test/package.zsh'
[2.009s] Level 1:colcon.colcon_core.environment:create_file_with_runtime_dependencies(/home/kanixre/ros_ws1_wsl/ros2_ws1/install/opencv_test/share/colcon-core/packages/opencv_test)
[2.009s] DEBUG:colcon.colcon_parallel_executor.executor.parallel:closing loop
[2.010s] DEBUG:colcon.colcon_parallel_executor.executor.parallel:loop closed
[2.010s] DEBUG:colcon.colcon_parallel_executor.executor.parallel:run_until_complete finished with '0'
[2.010s] DEBUG:colcon.colcon_core.event_reactor:joining thread
[2.063s] INFO:colcon.colcon_core.plugin_system:Skipping extension 'colcon_notification.desktop_notification.notify_send': Could not find 'notify-send'
[2.063s] INFO:colcon.colcon_core.plugin_system:Skipping extension 'colcon_notification.desktop_notification.terminal_notifier': Not used on non-Darwin systems
[2.063s] INFO:colcon.colcon_core.plugin_system:Skipping extension 'colcon_notification.desktop_notification.win32': Not used on non-Windows systems
[2.063s] INFO:colcon.colcon_notification.desktop_notification:Sending desktop notification using 'notify2'
[2.063s] DEBUG:colcon.colcon_notification.desktop_notification.notify2:Failed to initialize notify2: org.freedesktop.DBus.Error.FileNotFound: Failed to connect to socket /run/user/1000/bus: No such file or directory
[2.063s] DEBUG:colcon.colcon_core.event_reactor:joined thread
[2.072s] INFO:colcon.colcon_core.shell:Creating prefix script '/home/kanixre/ros_ws1_wsl/ros2_ws1/install/local_setup.ps1'
[2.073s] INFO:colcon.colcon_core.shell:Creating prefix util module '/home/kanixre/ros_ws1_wsl/ros2_ws1/install/_local_setup_util_ps1.py'
[2.074s] INFO:colcon.colcon_core.shell:Creating prefix chain script '/home/kanixre/ros_ws1_wsl/ros2_ws1/install/setup.ps1'
[2.083s] INFO:colcon.colcon_core.shell:Creating prefix script '/home/kanixre/ros_ws1_wsl/ros2_ws1/install/local_setup.sh'
[2.084s] INFO:colcon.colcon_core.shell:Creating prefix util module '/home/kanixre/ros_ws1_wsl/ros2_ws1/install/_local_setup_util_sh.py'
[2.084s] INFO:colcon.colcon_core.shell:Creating prefix chain script '/home/kanixre/ros_ws1_wsl/ros2_ws1/install/setup.sh'
[2.093s] INFO:colcon.colcon_core.shell:Creating prefix script '/home/kanixre/ros_ws1_wsl/ros2_ws1/install/local_setup.bash'
[2.094s] INFO:colcon.colcon_core.shell:Creating prefix chain script '/home/kanixre/ros_ws1_wsl/ros2_ws1/install/setup.bash'
[2.103s] INFO:colcon.colcon_core.shell:Creating prefix script '/home/kanixre/ros_ws1_wsl/ros2_ws1/install/local_setup.zsh'
[2.103s] INFO:colcon.colcon_core.shell:Creating prefix chain script '/home/kanixre/ros_ws1_wsl/ros2_ws1/install/setup.zsh'
