[1.171s] DEBUG:colcon:Command line arguments: ['/usr/bin/colcon', 'build']
[1.172s] DEBUG:colcon:Parsed command line arguments: Namespace(log_base=None, log_level=None, verb_name='build', build_base='build', install_base='install', merge_install=False, symlink_install=False, test_result_base=None, continue_on_error=False, executor='parallel', parallel_workers=2, event_handlers=None, ignore_user_meta=False, metas=['./colcon.meta'], base_paths=['.'], packages_ignore=None, packages_ignore_regex=None, paths=None, packages_up_to=None, packages_up_to_regex=None, packages_above=None, packages_above_and_dependencies=None, packages_above_depth=None, packages_select_by_dep=None, packages_skip_by_dep=None, packages_skip_up_to=None, packages_select_build_failed=False, packages_skip_build_finished=False, packages_select_test_failures=False, packages_skip_test_passed=False, packages_select=None, packages_skip=None, packages_select_regex=None, packages_skip_regex=None, packages_start=None, packages_end=None, allow_overriding=[], cmake_args=None, cmake_target=None, cmake_target_skip_unavailable=False, cmake_clean_cache=False, cmake_clean_first=False, cmake_force_configure=False, ament_cmake_args=None, catkin_cmake_args=None, catkin_skip_building_tests=False, verb_parser=<colcon_defaults.argument_parser.defaults.DefaultArgumentsDecorator object at 0x7f3f84131420>, verb_extension=<colcon_core.verb.build.BuildVerb object at 0x7f3f8440d360>, main=<bound method BuildVerb.main of <colcon_core.verb.build.BuildVerb object at 0x7f3f8440d360>>)
[1.210s] Level 1:colcon.colcon_core.package_discovery:discover_packages(colcon_meta) check parameters
[1.210s] Level 1:colcon.colcon_core.package_discovery:discover_packages(recursive) check parameters
[1.210s] Level 1:colcon.colcon_core.package_discovery:discover_packages(ignore) check parameters
[1.210s] Level 1:colcon.colcon_core.package_discovery:discover_packages(path) check parameters
[1.210s] Level 1:colcon.colcon_core.package_discovery:discover_packages(colcon_meta) discover
[1.210s] Level 1:colcon.colcon_core.package_discovery:discover_packages(recursive) discover
[1.211s] INFO:colcon.colcon_core.package_discovery:Crawling recursively for packages in '/home/kanixre/ros2_ws'
[1.211s] Level 1:colcon.colcon_core.package_identification:_identify(.) by extensions ['ignore', 'ignore_ament_install']
[1.211s] Level 1:colcon.colcon_core.package_identification:_identify(.) by extension 'ignore'
[1.211s] Level 1:colcon.colcon_core.package_identification:_identify(.) by extension 'ignore_ament_install'
[1.211s] Level 1:colcon.colcon_core.package_identification:_identify(.) by extensions ['colcon_pkg']
[1.211s] Level 1:colcon.colcon_core.package_identification:_identify(.) by extension 'colcon_pkg'
[1.211s] Level 1:colcon.colcon_core.package_identification:_identify(.) by extensions ['colcon_meta']
[1.212s] Level 1:colcon.colcon_core.package_identification:_identify(.) by extension 'colcon_meta'
[1.212s] Level 1:colcon.colcon_core.package_identification:_identify(.) by extensions ['ros']
[1.212s] Level 1:colcon.colcon_core.package_identification:_identify(.) by extension 'ros'
[1.222s] Level 1:colcon.colcon_core.package_identification:_identify(.) by extensions ['cmake', 'python']
[1.222s] Level 1:colcon.colcon_core.package_identification:_identify(.) by extension 'cmake'
[1.222s] Level 1:colcon.colcon_core.package_identification:_identify(.) by extension 'python'
[1.222s] Level 1:colcon.colcon_core.package_identification:_identify(.) by extensions ['python_setup_py']
[1.222s] Level 1:colcon.colcon_core.package_identification:_identify(.) by extension 'python_setup_py'
[1.222s] Level 1:colcon.colcon_core.package_identification:_identify(build) by extensions ['ignore', 'ignore_ament_install']
[1.223s] Level 1:colcon.colcon_core.package_identification:_identify(build) by extension 'ignore'
[1.223s] Level 1:colcon.colcon_core.package_identification:_identify(build) ignored
[1.223s] Level 1:colcon.colcon_core.package_identification:_identify(install) by extensions ['ignore', 'ignore_ament_install']
[1.223s] Level 1:colcon.colcon_core.package_identification:_identify(install) by extension 'ignore'
[1.223s] Level 1:colcon.colcon_core.package_identification:_identify(install) ignored
[1.223s] Level 1:colcon.colcon_core.package_identification:_identify(log) by extensions ['ignore', 'ignore_ament_install']
[1.223s] Level 1:colcon.colcon_core.package_identification:_identify(log) by extension 'ignore'
[1.223s] Level 1:colcon.colcon_core.package_identification:_identify(log) ignored
[1.224s] Level 1:colcon.colcon_core.package_identification:_identify(src) by extensions ['ignore', 'ignore_ament_install']
[1.224s] Level 1:colcon.colcon_core.package_identification:_identify(src) by extension 'ignore'
[1.224s] Level 1:colcon.colcon_core.package_identification:_identify(src) by extension 'ignore_ament_install'
[1.224s] Level 1:colcon.colcon_core.package_identification:_identify(src) by extensions ['colcon_pkg']
[1.224s] Level 1:colcon.colcon_core.package_identification:_identify(src) by extension 'colcon_pkg'
[1.224s] Level 1:colcon.colcon_core.package_identification:_identify(src) by extensions ['colcon_meta']
[1.224s] Level 1:colcon.colcon_core.package_identification:_identify(src) by extension 'colcon_meta'
[1.224s] Level 1:colcon.colcon_core.package_identification:_identify(src) by extensions ['ros']
[1.225s] Level 1:colcon.colcon_core.package_identification:_identify(src) by extension 'ros'
[1.225s] Level 1:colcon.colcon_core.package_identification:_identify(src) by extensions ['cmake', 'python']
[1.225s] Level 1:colcon.colcon_core.package_identification:_identify(src) by extension 'cmake'
[1.225s] Level 1:colcon.colcon_core.package_identification:_identify(src) by extension 'python'
[1.225s] Level 1:colcon.colcon_core.package_identification:_identify(src) by extensions ['python_setup_py']
[1.225s] Level 1:colcon.colcon_core.package_identification:_identify(src) by extension 'python_setup_py'
[1.225s] Level 1:colcon.colcon_core.package_identification:_identify(src/RobotProgWork1) by extensions ['ignore', 'ignore_ament_install']
[1.225s] Level 1:colcon.colcon_core.package_identification:_identify(src/RobotProgWork1) by extension 'ignore'
[1.226s] Level 1:colcon.colcon_core.package_identification:_identify(src/RobotProgWork1) by extension 'ignore_ament_install'
[1.226s] Level 1:colcon.colcon_core.package_identification:_identify(src/RobotProgWork1) by extensions ['colcon_pkg']
[1.226s] Level 1:colcon.colcon_core.package_identification:_identify(src/RobotProgWork1) by extension 'colcon_pkg'
[1.226s] Level 1:colcon.colcon_core.package_identification:_identify(src/RobotProgWork1) by extensions ['colcon_meta']
[1.226s] Level 1:colcon.colcon_core.package_identification:_identify(src/RobotProgWork1) by extension 'colcon_meta'
[1.226s] Level 1:colcon.colcon_core.package_identification:_identify(src/RobotProgWork1) by extensions ['ros']
[1.226s] Level 1:colcon.colcon_core.package_identification:_identify(src/RobotProgWork1) by extension 'ros'
[1.226s] Level 1:colcon.colcon_core.package_identification:_identify(src/RobotProgWork1) by extensions ['cmake', 'python']
[1.226s] Level 1:colcon.colcon_core.package_identification:_identify(src/RobotProgWork1) by extension 'cmake'
[1.227s] Level 1:colcon.colcon_core.package_identification:_identify(src/RobotProgWork1) by extension 'python'
[1.227s] Level 1:colcon.colcon_core.package_identification:_identify(src/RobotProgWork1) by extensions ['python_setup_py']
[1.227s] Level 1:colcon.colcon_core.package_identification:_identify(src/RobotProgWork1) by extension 'python_setup_py'
[1.227s] Level 1:colcon.colcon_core.package_identification:_identify(src/opencv_test) by extensions ['ignore', 'ignore_ament_install']
[1.227s] Level 1:colcon.colcon_core.package_identification:_identify(src/opencv_test) by extension 'ignore'
[1.227s] Level 1:colcon.colcon_core.package_identification:_identify(src/opencv_test) by extension 'ignore_ament_install'
[1.227s] Level 1:colcon.colcon_core.package_identification:_identify(src/opencv_test) by extensions ['colcon_pkg']
[1.227s] Level 1:colcon.colcon_core.package_identification:_identify(src/opencv_test) by extension 'colcon_pkg'
[1.227s] Level 1:colcon.colcon_core.package_identification:_identify(src/opencv_test) by extensions ['colcon_meta']
[1.228s] Level 1:colcon.colcon_core.package_identification:_identify(src/opencv_test) by extension 'colcon_meta'
[1.228s] Level 1:colcon.colcon_core.package_identification:_identify(src/opencv_test) by extensions ['ros']
[1.228s] Level 1:colcon.colcon_core.package_identification:_identify(src/opencv_test) by extension 'ros'
[1.230s] DEBUG:colcon.colcon_core.package_identification:Package 'src/opencv_test' with type 'ros.ament_python' and name 'opencv_test'
[1.230s] Level 1:colcon.colcon_core.package_identification:_identify(src/robot_controller_1) by extensions ['ignore', 'ignore_ament_install']
[1.230s] Level 1:colcon.colcon_core.package_identification:_identify(src/robot_controller_1) by extension 'ignore'
[1.230s] Level 1:colcon.colcon_core.package_identification:_identify(src/robot_controller_1) by extension 'ignore_ament_install'
[1.231s] Level 1:colcon.colcon_core.package_identification:_identify(src/robot_controller_1) by extensions ['colcon_pkg']
[1.231s] Level 1:colcon.colcon_core.package_identification:_identify(src/robot_controller_1) by extension 'colcon_pkg'
[1.231s] Level 1:colcon.colcon_core.package_identification:_identify(src/robot_controller_1) by extensions ['colcon_meta']
[1.231s] Level 1:colcon.colcon_core.package_identification:_identify(src/robot_controller_1) by extension 'colcon_meta'
[1.231s] Level 1:colcon.colcon_core.package_identification:_identify(src/robot_controller_1) by extensions ['ros']
[1.231s] Level 1:colcon.colcon_core.package_identification:_identify(src/robot_controller_1) by extension 'ros'
[1.232s] DEBUG:colcon.colcon_core.package_identification:Package 'src/robot_controller_1' with type 'ros.ament_python' and name 'robot_controller_1'
[1.232s] Level 1:colcon.colcon_core.package_discovery:discover_packages(recursive) using defaults
[1.232s] Level 1:colcon.colcon_core.package_discovery:discover_packages(ignore) discover
[1.232s] Level 1:colcon.colcon_core.package_discovery:discover_packages(ignore) using defaults
[1.232s] Level 1:colcon.colcon_core.package_discovery:discover_packages(path) discover
[1.232s] Level 1:colcon.colcon_core.package_discovery:discover_packages(path) using defaults
[1.325s] Level 1:colcon.colcon_core.package_discovery:discover_packages(prefix_path) check parameters
[1.325s] Level 1:colcon.colcon_core.package_discovery:discover_packages(prefix_path) discover
[1.348s] DEBUG:colcon.colcon_installed_package_information.package_discovery:Found 2 installed packages in /home/kanixre/ros2_ws/install
[1.360s] DEBUG:colcon.colcon_installed_package_information.package_discovery:Found 347 installed packages in /opt/ros/humble
[1.371s] Level 1:colcon.colcon_core.package_discovery:discover_packages(prefix_path) using defaults
[1.445s] Level 5:colcon.colcon_core.verb:set package 'opencv_test' build argument 'cmake_args' from command line to 'None'
[1.445s] Level 5:colcon.colcon_core.verb:set package 'opencv_test' build argument 'cmake_target' from command line to 'None'
[1.445s] Level 5:colcon.colcon_core.verb:set package 'opencv_test' build argument 'cmake_target_skip_unavailable' from command line to 'False'
[1.445s] Level 5:colcon.colcon_core.verb:set package 'opencv_test' build argument 'cmake_clean_cache' from command line to 'False'
[1.445s] Level 5:colcon.colcon_core.verb:set package 'opencv_test' build argument 'cmake_clean_first' from command line to 'False'
[1.445s] Level 5:colcon.colcon_core.verb:set package 'opencv_test' build argument 'cmake_force_configure' from command line to 'False'
[1.445s] Level 5:colcon.colcon_core.verb:set package 'opencv_test' build argument 'ament_cmake_args' from command line to 'None'
[1.445s] Level 5:colcon.colcon_core.verb:set package 'opencv_test' build argument 'catkin_cmake_args' from command line to 'None'
[1.446s] Level 5:colcon.colcon_core.verb:set package 'opencv_test' build argument 'catkin_skip_building_tests' from command line to 'False'
[1.446s] DEBUG:colcon.colcon_core.verb:Building package 'opencv_test' with the following arguments: {'ament_cmake_args': None, 'build_base': '/home/kanixre/ros2_ws/build/opencv_test', 'catkin_cmake_args': None, 'catkin_skip_building_tests': False, 'cmake_args': None, 'cmake_clean_cache': False, 'cmake_clean_first': False, 'cmake_force_configure': False, 'cmake_target': None, 'cmake_target_skip_unavailable': False, 'install_base': '/home/kanixre/ros2_ws/install/opencv_test', 'merge_install': False, 'path': '/home/kanixre/ros2_ws/src/opencv_test', 'symlink_install': False, 'test_result_base': None}
[1.456s] Level 5:colcon.colcon_core.verb:set package 'robot_controller_1' build argument 'cmake_args' from command line to 'None'
[1.456s] Level 5:colcon.colcon_core.verb:set package 'robot_controller_1' build argument 'cmake_target' from command line to 'None'
[1.457s] Level 5:colcon.colcon_core.verb:set package 'robot_controller_1' build argument 'cmake_target_skip_unavailable' from command line to 'False'
[1.457s] Level 5:colcon.colcon_core.verb:set package 'robot_controller_1' build argument 'cmake_clean_cache' from command line to 'False'
[1.457s] Level 5:colcon.colcon_core.verb:set package 'robot_controller_1' build argument 'cmake_clean_first' from command line to 'False'
[1.457s] Level 5:colcon.colcon_core.verb:set package 'robot_controller_1' build argument 'cmake_force_configure' from command line to 'False'
[1.457s] Level 5:colcon.colcon_core.verb:set package 'robot_controller_1' build argument 'ament_cmake_args' from command line to 'None'
[1.457s] Level 5:colcon.colcon_core.verb:set package 'robot_controller_1' build argument 'catkin_cmake_args' from command line to 'None'
[1.457s] Level 5:colcon.colcon_core.verb:set package 'robot_controller_1' build argument 'catkin_skip_building_tests' from command line to 'False'
[1.457s] DEBUG:colcon.colcon_core.verb:Building package 'robot_controller_1' with the following arguments: {'ament_cmake_args': None, 'build_base': '/home/kanixre/ros2_ws/build/robot_controller_1', 'catkin_cmake_args': None, 'catkin_skip_building_tests': False, 'cmake_args': None, 'cmake_clean_cache': False, 'cmake_clean_first': False, 'cmake_force_configure': False, 'cmake_target': None, 'cmake_target_skip_unavailable': False, 'install_base': '/home/kanixre/ros2_ws/install/robot_controller_1', 'merge_install': False, 'path': '/home/kanixre/ros2_ws/src/robot_controller_1', 'symlink_install': False, 'test_result_base': None}
[1.468s] INFO:colcon.colcon_core.executor:Executing jobs using 'parallel' executor
[1.480s] DEBUG:colcon.colcon_parallel_executor.executor.parallel:run_until_complete
[1.480s] INFO:colcon.colcon_ros.task.ament_python.build:Building ROS package in '/home/kanixre/ros2_ws/src/opencv_test' with build type 'ament_python'
[1.480s] Level 1:colcon.colcon_core.shell:create_environment_hook('opencv_test', 'ament_prefix_path')
[1.493s] INFO:colcon.colcon_core.plugin_system:Skipping extension 'colcon_core.shell.bat': Not used on non-Windows systems
[1.493s] INFO:colcon.colcon_core.shell:Creating environment hook '/home/kanixre/ros2_ws/install/opencv_test/share/opencv_test/hook/ament_prefix_path.ps1'
[1.494s] INFO:colcon.colcon_core.shell:Creating environment descriptor '/home/kanixre/ros2_ws/install/opencv_test/share/opencv_test/hook/ament_prefix_path.dsv'
[1.495s] INFO:colcon.colcon_core.shell:Creating environment hook '/home/kanixre/ros2_ws/install/opencv_test/share/opencv_test/hook/ament_prefix_path.sh'
[1.508s] INFO:colcon.colcon_core.shell:Skip shell extension 'powershell' for command environment: Not usable outside of PowerShell
[1.508s] DEBUG:colcon.colcon_core.shell:Skip shell extension 'dsv' for command environment
[1.554s] INFO:colcon.colcon_ros.task.ament_python.build:Building ROS package in '/home/kanixre/ros2_ws/src/robot_controller_1' with build type 'ament_python'
[1.555s] Level 1:colcon.colcon_core.shell:create_environment_hook('robot_controller_1', 'ament_prefix_path')
[1.571s] INFO:colcon.colcon_core.shell:Creating environment hook '/home/kanixre/ros2_ws/install/robot_controller_1/share/robot_controller_1/hook/ament_prefix_path.ps1'
[1.572s] INFO:colcon.colcon_core.shell:Creating environment descriptor '/home/kanixre/ros2_ws/install/robot_controller_1/share/robot_controller_1/hook/ament_prefix_path.dsv'
[1.573s] INFO:colcon.colcon_core.shell:Creating environment hook '/home/kanixre/ros2_ws/install/robot_controller_1/share/robot_controller_1/hook/ament_prefix_path.sh'
[1.586s] INFO:colcon.colcon_core.shell:Skip shell extension 'powershell' for command environment: Not usable outside of PowerShell
[1.586s] DEBUG:colcon.colcon_core.shell:Skip shell extension 'dsv' for command environment
[1.987s] INFO:colcon.colcon_core.task.python.build:Building Python package in '/home/kanixre/ros2_ws/src/opencv_test'
[2.005s] INFO:colcon.colcon_core.shell:Skip shell extension 'powershell' for command environment: Not usable outside of PowerShell
[2.006s] DEBUG:colcon.colcon_core.shell:Skip shell extension 'dsv' for command environment
[2.363s] INFO:colcon.colcon_core.task.python.build:Building Python package in '/home/kanixre/ros2_ws/src/robot_controller_1'
[2.378s] INFO:colcon.colcon_core.shell:Skip shell extension 'powershell' for command environment: Not usable outside of PowerShell
[2.378s] DEBUG:colcon.colcon_core.shell:Skip shell extension 'dsv' for command environment
[2.888s] DEBUG:colcon.colcon_core.event_handler.log_command:Invoking command in '/home/kanixre/ros2_ws/build/robot_controller_1': PYTHONPATH=/home/kanixre/ros2_ws/build/robot_controller_1/prefix_override:/home/kanixre/ros2_ws/install/robot_controller_1/lib/python3.10/site-packages:${PYTHONPATH} /usr/bin/python3 setup.py develop --uninstall --editable --build-directory /home/kanixre/ros2_ws/build/robot_controller_1/build
[2.893s] DEBUG:colcon.colcon_core.event_handler.log_command:Invoking command in '/home/kanixre/ros2_ws/build/opencv_test': PYTHONPATH=/home/kanixre/ros2_ws/build/opencv_test/prefix_override:/home/kanixre/ros2_ws/install/opencv_test/lib/python3.10/site-packages:${PYTHONPATH} /usr/bin/python3 setup.py develop --uninstall --editable --build-directory /home/kanixre/ros2_ws/build/opencv_test/build
[3.556s] DEBUG:colcon.colcon_core.event_handler.log_command:Invoked command in '/home/kanixre/ros2_ws/build/robot_controller_1' returned '0': PYTHONPATH=/home/kanixre/ros2_ws/build/robot_controller_1/prefix_override:/home/kanixre/ros2_ws/install/robot_controller_1/lib/python3.10/site-packages:${PYTHONPATH} /usr/bin/python3 setup.py develop --uninstall --editable --build-directory /home/kanixre/ros2_ws/build/robot_controller_1/build
[3.558s] DEBUG:colcon.colcon_core.event_handler.log_command:Invoking command in '/home/kanixre/ros2_ws/src/robot_controller_1': PYTHONPATH=/home/kanixre/ros2_ws/build/robot_controller_1/prefix_override:/home/kanixre/ros2_ws/install/robot_controller_1/lib/python3.10/site-packages:${PYTHONPATH} /usr/bin/python3 setup.py egg_info --egg-base ../../build/robot_controller_1 build --build-base /home/kanixre/ros2_ws/build/robot_controller_1/build install --record /home/kanixre/ros2_ws/build/robot_controller_1/install.log --single-version-externally-managed
[3.582s] DEBUG:colcon.colcon_core.event_handler.log_command:Invoked command in '/home/kanixre/ros2_ws/build/opencv_test' returned '0': PYTHONPATH=/home/kanixre/ros2_ws/build/opencv_test/prefix_override:/home/kanixre/ros2_ws/install/opencv_test/lib/python3.10/site-packages:${PYTHONPATH} /usr/bin/python3 setup.py develop --uninstall --editable --build-directory /home/kanixre/ros2_ws/build/opencv_test/build
[3.584s] DEBUG:colcon.colcon_core.event_handler.log_command:Invoking command in '/home/kanixre/ros2_ws/src/opencv_test': PYTHONPATH=/home/kanixre/ros2_ws/build/opencv_test/prefix_override:/home/kanixre/ros2_ws/install/opencv_test/lib/python3.10/site-packages:${PYTHONPATH} /usr/bin/python3 setup.py egg_info --egg-base ../../build/opencv_test build --build-base /home/kanixre/ros2_ws/build/opencv_test/build install --record /home/kanixre/ros2_ws/build/opencv_test/install.log --single-version-externally-managed
[3.956s] DEBUG:colcon.colcon_core.event_handler.log_command:Invoked command in '/home/kanixre/ros2_ws/src/robot_controller_1' returned '0': PYTHONPATH=/home/kanixre/ros2_ws/build/robot_controller_1/prefix_override:/home/kanixre/ros2_ws/install/robot_controller_1/lib/python3.10/site-packages:${PYTHONPATH} /usr/bin/python3 setup.py egg_info --egg-base ../../build/robot_controller_1 build --build-base /home/kanixre/ros2_ws/build/robot_controller_1/build install --record /home/kanixre/ros2_ws/build/robot_controller_1/install.log --single-version-externally-managed
[3.973s] Level 1:colcon.colcon_core.environment:checking '/home/kanixre/ros2_ws/install/robot_controller_1' for CMake module files
[3.974s] Level 1:colcon.colcon_core.environment:checking '/home/kanixre/ros2_ws/install/robot_controller_1' for CMake config files
[3.975s] Level 1:colcon.colcon_core.environment:checking '/home/kanixre/ros2_ws/install/robot_controller_1/lib'
[3.975s] Level 1:colcon.colcon_core.environment:checking '/home/kanixre/ros2_ws/install/robot_controller_1/bin'
[3.975s] Level 1:colcon.colcon_core.environment:checking '/home/kanixre/ros2_ws/install/robot_controller_1/lib/pkgconfig/robot_controller_1.pc'
[3.975s] Level 1:colcon.colcon_core.environment:checking '/home/kanixre/ros2_ws/install/robot_controller_1/lib/python3.10/site-packages'
[3.975s] Level 1:colcon.colcon_core.shell:create_environment_hook('robot_controller_1', 'pythonpath')
[3.994s] INFO:colcon.colcon_core.shell:Creating environment hook '/home/kanixre/ros2_ws/install/robot_controller_1/share/robot_controller_1/hook/pythonpath.ps1'
[3.995s] INFO:colcon.colcon_core.shell:Creating environment descriptor '/home/kanixre/ros2_ws/install/robot_controller_1/share/robot_controller_1/hook/pythonpath.dsv'
[3.996s] INFO:colcon.colcon_core.shell:Creating environment hook '/home/kanixre/ros2_ws/install/robot_controller_1/share/robot_controller_1/hook/pythonpath.sh'
[3.997s] Level 1:colcon.colcon_core.environment:checking '/home/kanixre/ros2_ws/install/robot_controller_1/bin'
[3.997s] Level 1:colcon.colcon_core.environment:create_environment_scripts_only(robot_controller_1)
[4.027s] INFO:colcon.colcon_core.shell:Creating package script '/home/kanixre/ros2_ws/install/robot_controller_1/share/robot_controller_1/package.ps1'
[4.029s] INFO:colcon.colcon_core.shell:Creating package descriptor '/home/kanixre/ros2_ws/install/robot_controller_1/share/robot_controller_1/package.dsv'
[4.029s] INFO:colcon.colcon_core.shell:Creating package script '/home/kanixre/ros2_ws/install/robot_controller_1/share/robot_controller_1/package.sh'
[4.031s] INFO:colcon.colcon_core.shell:Creating package script '/home/kanixre/ros2_ws/install/robot_controller_1/share/robot_controller_1/package.bash'
[4.032s] INFO:colcon.colcon_core.shell:Creating package script '/home/kanixre/ros2_ws/install/robot_controller_1/share/robot_controller_1/package.zsh'
[4.032s] Level 1:colcon.colcon_core.environment:create_file_with_runtime_dependencies(/home/kanixre/ros2_ws/install/robot_controller_1/share/colcon-core/packages/robot_controller_1)
[4.035s] DEBUG:colcon.colcon_core.event_handler.log_command:Invoked command in '/home/kanixre/ros2_ws/src/opencv_test' returned '0': PYTHONPATH=/home/kanixre/ros2_ws/build/opencv_test/prefix_override:/home/kanixre/ros2_ws/install/opencv_test/lib/python3.10/site-packages:${PYTHONPATH} /usr/bin/python3 setup.py egg_info --egg-base ../../build/opencv_test build --build-base /home/kanixre/ros2_ws/build/opencv_test/build install --record /home/kanixre/ros2_ws/build/opencv_test/install.log --single-version-externally-managed
[4.049s] Level 1:colcon.colcon_core.environment:checking '/home/kanixre/ros2_ws/install/opencv_test' for CMake module files
[4.049s] Level 1:colcon.colcon_core.environment:checking '/home/kanixre/ros2_ws/install/opencv_test' for CMake config files
[4.050s] Level 1:colcon.colcon_core.environment:checking '/home/kanixre/ros2_ws/install/opencv_test/lib'
[4.050s] Level 1:colcon.colcon_core.environment:checking '/home/kanixre/ros2_ws/install/opencv_test/bin'
[4.050s] Level 1:colcon.colcon_core.environment:checking '/home/kanixre/ros2_ws/install/opencv_test/lib/pkgconfig/opencv_test.pc'
[4.050s] Level 1:colcon.colcon_core.environment:checking '/home/kanixre/ros2_ws/install/opencv_test/lib/python3.10/site-packages'
[4.050s] Level 1:colcon.colcon_core.shell:create_environment_hook('opencv_test', 'pythonpath')
[4.064s] INFO:colcon.colcon_core.shell:Creating environment hook '/home/kanixre/ros2_ws/install/opencv_test/share/opencv_test/hook/pythonpath.ps1'
[4.064s] INFO:colcon.colcon_core.shell:Creating environment descriptor '/home/kanixre/ros2_ws/install/opencv_test/share/opencv_test/hook/pythonpath.dsv'
[4.065s] INFO:colcon.colcon_core.shell:Creating environment hook '/home/kanixre/ros2_ws/install/opencv_test/share/opencv_test/hook/pythonpath.sh'
[4.065s] Level 1:colcon.colcon_core.environment:checking '/home/kanixre/ros2_ws/install/opencv_test/bin'
[4.065s] Level 1:colcon.colcon_core.environment:create_environment_scripts_only(opencv_test)
[4.084s] INFO:colcon.colcon_core.shell:Creating package script '/home/kanixre/ros2_ws/install/opencv_test/share/opencv_test/package.ps1'
[4.084s] INFO:colcon.colcon_core.shell:Creating package descriptor '/home/kanixre/ros2_ws/install/opencv_test/share/opencv_test/package.dsv'
[4.085s] INFO:colcon.colcon_core.shell:Creating package script '/home/kanixre/ros2_ws/install/opencv_test/share/opencv_test/package.sh'
[4.085s] INFO:colcon.colcon_core.shell:Creating package script '/home/kanixre/ros2_ws/install/opencv_test/share/opencv_test/package.bash'
[4.086s] INFO:colcon.colcon_core.shell:Creating package script '/home/kanixre/ros2_ws/install/opencv_test/share/opencv_test/package.zsh'
[4.086s] Level 1:colcon.colcon_core.environment:create_file_with_runtime_dependencies(/home/kanixre/ros2_ws/install/opencv_test/share/colcon-core/packages/opencv_test)
[4.087s] DEBUG:colcon.colcon_parallel_executor.executor.parallel:closing loop
[4.087s] DEBUG:colcon.colcon_parallel_executor.executor.parallel:loop closed
[4.090s] DEBUG:colcon.colcon_parallel_executor.executor.parallel:run_until_complete finished with '0'
[4.090s] DEBUG:colcon.colcon_core.event_reactor:joining thread
[4.118s] INFO:colcon.colcon_core.plugin_system:Skipping extension 'colcon_notification.desktop_notification.terminal_notifier': Not used on non-Darwin systems
[4.119s] INFO:colcon.colcon_core.plugin_system:Skipping extension 'colcon_notification.desktop_notification.win32': Not used on non-Windows systems
[4.119s] INFO:colcon.colcon_notification.desktop_notification:Sending desktop notification using 'notify2'
[4.139s] DEBUG:colcon.colcon_core.event_reactor:joined thread
[4.155s] INFO:colcon.colcon_core.shell:Creating prefix script '/home/kanixre/ros2_ws/install/local_setup.ps1'
[4.156s] INFO:colcon.colcon_core.shell:Creating prefix util module '/home/kanixre/ros2_ws/install/_local_setup_util_ps1.py'
[4.160s] INFO:colcon.colcon_core.shell:Creating prefix chain script '/home/kanixre/ros2_ws/install/setup.ps1'
[4.179s] INFO:colcon.colcon_core.shell:Creating prefix script '/home/kanixre/ros2_ws/install/local_setup.sh'
[4.182s] INFO:colcon.colcon_core.shell:Creating prefix util module '/home/kanixre/ros2_ws/install/_local_setup_util_sh.py'
[4.183s] INFO:colcon.colcon_core.shell:Creating prefix chain script '/home/kanixre/ros2_ws/install/setup.sh'
[4.206s] INFO:colcon.colcon_core.shell:Creating prefix script '/home/kanixre/ros2_ws/install/local_setup.bash'
[4.208s] INFO:colcon.colcon_core.shell:Creating prefix chain script '/home/kanixre/ros2_ws/install/setup.bash'
[4.258s] INFO:colcon.colcon_core.shell:Creating prefix script '/home/kanixre/ros2_ws/install/local_setup.zsh'
[4.258s] INFO:colcon.colcon_core.shell:Creating prefix chain script '/home/kanixre/ros2_ws/install/setup.zsh'
