[0.861s] DEBUG:colcon:Command line arguments: ['/usr/bin/colcon', 'build']
[0.861s] DEBUG:colcon:Parsed command line arguments: Namespace(log_base=None, log_level=None, verb_name='build', build_base='build', install_base='install', merge_install=False, symlink_install=False, test_result_base=None, continue_on_error=False, executor='parallel', parallel_workers=12, event_handlers=None, ignore_user_meta=False, metas=['./colcon.meta'], base_paths=['.'], packages_ignore=None, packages_ignore_regex=None, paths=None, packages_up_to=None, packages_up_to_regex=None, packages_above=None, packages_above_and_dependencies=None, packages_above_depth=None, packages_select_by_dep=None, packages_skip_by_dep=None, packages_skip_up_to=None, packages_select_build_failed=False, packages_skip_build_finished=False, packages_select_test_failures=False, packages_skip_test_passed=False, packages_select=None, packages_skip=None, packages_select_regex=None, packages_skip_regex=None, packages_start=None, packages_end=None, allow_overriding=[], cmake_args=None, cmake_target=None, cmake_target_skip_unavailable=False, cmake_clean_cache=False, cmake_clean_first=False, cmake_force_configure=False, ament_cmake_args=None, catkin_cmake_args=None, catkin_skip_building_tests=False, verb_parser=<colcon_defaults.argument_parser.defaults.DefaultArgumentsDecorator object at 0x7fac74ba9360>, verb_extension=<colcon_core.verb.build.BuildVerb object at 0x7fac74e30490>, main=<bound method BuildVerb.main of <colcon_core.verb.build.BuildVerb object at 0x7fac74e30490>>)
[0.906s] Level 1:colcon.colcon_core.package_discovery:discover_packages(colcon_meta) check parameters
[0.906s] Level 1:colcon.colcon_core.package_discovery:discover_packages(recursive) check parameters
[0.906s] Level 1:colcon.colcon_core.package_discovery:discover_packages(ignore) check parameters
[0.906s] Level 1:colcon.colcon_core.package_discovery:discover_packages(path) check parameters
[0.906s] Level 1:colcon.colcon_core.package_discovery:discover_packages(colcon_meta) discover
[0.906s] Level 1:colcon.colcon_core.package_discovery:discover_packages(recursive) discover
[0.906s] INFO:colcon.colcon_core.package_discovery:Crawling recursively for packages in '/home/kanixre/ros_ws1_wsl/ros2_ws1'
[0.906s] Level 1:colcon.colcon_core.package_identification:_identify(.) by extensions ['ignore', 'ignore_ament_install']
[0.907s] Level 1:colcon.colcon_core.package_identification:_identify(.) by extension 'ignore'
[0.907s] Level 1:colcon.colcon_core.package_identification:_identify(.) by extension 'ignore_ament_install'
[0.907s] Level 1:colcon.colcon_core.package_identification:_identify(.) by extensions ['colcon_pkg']
[0.907s] Level 1:colcon.colcon_core.package_identification:_identify(.) by extension 'colcon_pkg'
[0.907s] Level 1:colcon.colcon_core.package_identification:_identify(.) by extensions ['colcon_meta']
[0.907s] Level 1:colcon.colcon_core.package_identification:_identify(.) by extension 'colcon_meta'
[0.907s] Level 1:colcon.colcon_core.package_identification:_identify(.) by extensions ['ros']
[0.907s] Level 1:colcon.colcon_core.package_identification:_identify(.) by extension 'ros'
[0.920s] Level 1:colcon.colcon_core.package_identification:_identify(.) by extensions ['cmake', 'python']
[0.920s] Level 1:colcon.colcon_core.package_identification:_identify(.) by extension 'cmake'
[0.920s] Level 1:colcon.colcon_core.package_identification:_identify(.) by extension 'python'
[0.921s] Level 1:colcon.colcon_core.package_identification:_identify(.) by extensions ['python_setup_py']
[0.921s] Level 1:colcon.colcon_core.package_identification:_identify(.) by extension 'python_setup_py'
[0.921s] Level 1:colcon.colcon_core.package_identification:_identify(build) by extensions ['ignore', 'ignore_ament_install']
[0.921s] Level 1:colcon.colcon_core.package_identification:_identify(build) by extension 'ignore'
[0.921s] Level 1:colcon.colcon_core.package_identification:_identify(build) ignored
[0.921s] Level 1:colcon.colcon_core.package_identification:_identify(install) by extensions ['ignore', 'ignore_ament_install']
[0.922s] Level 1:colcon.colcon_core.package_identification:_identify(install) by extension 'ignore'
[0.922s] Level 1:colcon.colcon_core.package_identification:_identify(install) ignored
[0.922s] Level 1:colcon.colcon_core.package_identification:_identify(log) by extensions ['ignore', 'ignore_ament_install']
[0.922s] Level 1:colcon.colcon_core.package_identification:_identify(log) by extension 'ignore'
[0.922s] Level 1:colcon.colcon_core.package_identification:_identify(log) ignored
[0.922s] Level 1:colcon.colcon_core.package_identification:_identify(src) by extensions ['ignore', 'ignore_ament_install']
[0.922s] Level 1:colcon.colcon_core.package_identification:_identify(src) by extension 'ignore'
[0.922s] Level 1:colcon.colcon_core.package_identification:_identify(src) by extension 'ignore_ament_install'
[0.922s] Level 1:colcon.colcon_core.package_identification:_identify(src) by extensions ['colcon_pkg']
[0.922s] Level 1:colcon.colcon_core.package_identification:_identify(src) by extension 'colcon_pkg'
[0.922s] Level 1:colcon.colcon_core.package_identification:_identify(src) by extensions ['colcon_meta']
[0.922s] Level 1:colcon.colcon_core.package_identification:_identify(src) by extension 'colcon_meta'
[0.922s] Level 1:colcon.colcon_core.package_identification:_identify(src) by extensions ['ros']
[0.922s] Level 1:colcon.colcon_core.package_identification:_identify(src) by extension 'ros'
[0.922s] Level 1:colcon.colcon_core.package_identification:_identify(src) by extensions ['cmake', 'python']
[0.922s] Level 1:colcon.colcon_core.package_identification:_identify(src) by extension 'cmake'
[0.922s] Level 1:colcon.colcon_core.package_identification:_identify(src) by extension 'python'
[0.922s] Level 1:colcon.colcon_core.package_identification:_identify(src) by extensions ['python_setup_py']
[0.922s] Level 1:colcon.colcon_core.package_identification:_identify(src) by extension 'python_setup_py'
[0.923s] Level 1:colcon.colcon_core.package_identification:_identify(src/opencv_test) by extensions ['ignore', 'ignore_ament_install']
[0.923s] Level 1:colcon.colcon_core.package_identification:_identify(src/opencv_test) by extension 'ignore'
[0.923s] Level 1:colcon.colcon_core.package_identification:_identify(src/opencv_test) by extension 'ignore_ament_install'
[0.923s] Level 1:colcon.colcon_core.package_identification:_identify(src/opencv_test) by extensions ['colcon_pkg']
[0.923s] Level 1:colcon.colcon_core.package_identification:_identify(src/opencv_test) by extension 'colcon_pkg'
[0.923s] Level 1:colcon.colcon_core.package_identification:_identify(src/opencv_test) by extensions ['colcon_meta']
[0.923s] Level 1:colcon.colcon_core.package_identification:_identify(src/opencv_test) by extension 'colcon_meta'
[0.923s] Level 1:colcon.colcon_core.package_identification:_identify(src/opencv_test) by extensions ['ros']
[0.923s] Level 1:colcon.colcon_core.package_identification:_identify(src/opencv_test) by extension 'ros'
[0.927s] DEBUG:colcon.colcon_core.package_identification:Package 'src/opencv_test' with type 'ros.ament_python' and name 'opencv_test'
[0.927s] Level 1:colcon.colcon_core.package_identification:_identify(src/robot_controller_1) by extensions ['ignore', 'ignore_ament_install']
[0.927s] Level 1:colcon.colcon_core.package_identification:_identify(src/robot_controller_1) by extension 'ignore'
[0.927s] Level 1:colcon.colcon_core.package_identification:_identify(src/robot_controller_1) by extension 'ignore_ament_install'
[0.928s] Level 1:colcon.colcon_core.package_identification:_identify(src/robot_controller_1) by extensions ['colcon_pkg']
[0.928s] Level 1:colcon.colcon_core.package_identification:_identify(src/robot_controller_1) by extension 'colcon_pkg'
[0.928s] Level 1:colcon.colcon_core.package_identification:_identify(src/robot_controller_1) by extensions ['colcon_meta']
[0.928s] Level 1:colcon.colcon_core.package_identification:_identify(src/robot_controller_1) by extension 'colcon_meta'
[0.928s] Level 1:colcon.colcon_core.package_identification:_identify(src/robot_controller_1) by extensions ['ros']
[0.928s] Level 1:colcon.colcon_core.package_identification:_identify(src/robot_controller_1) by extension 'ros'
[0.928s] DEBUG:colcon.colcon_core.package_identification:Package 'src/robot_controller_1' with type 'ros.ament_python' and name 'robot_controller_1'
[0.928s] Level 1:colcon.colcon_core.package_discovery:discover_packages(recursive) using defaults
[0.928s] Level 1:colcon.colcon_core.package_discovery:discover_packages(ignore) discover
[0.928s] Level 1:colcon.colcon_core.package_discovery:discover_packages(ignore) using defaults
[0.928s] Level 1:colcon.colcon_core.package_discovery:discover_packages(path) discover
[0.928s] Level 1:colcon.colcon_core.package_discovery:discover_packages(path) using defaults
[1.006s] Level 1:colcon.colcon_core.package_discovery:discover_packages(prefix_path) check parameters
[1.006s] Level 1:colcon.colcon_core.package_discovery:discover_packages(prefix_path) discover
[1.025s] DEBUG:colcon.colcon_installed_package_information.package_discovery:Found 347 installed packages in /opt/ros/humble
[1.026s] Level 1:colcon.colcon_core.package_discovery:discover_packages(prefix_path) using defaults
[1.101s] Level 5:colcon.colcon_core.verb:set package 'opencv_test' build argument 'cmake_args' from command line to 'None'
[1.101s] Level 5:colcon.colcon_core.verb:set package 'opencv_test' build argument 'cmake_target' from command line to 'None'
[1.101s] Level 5:colcon.colcon_core.verb:set package 'opencv_test' build argument 'cmake_target_skip_unavailable' from command line to 'False'
[1.101s] Level 5:colcon.colcon_core.verb:set package 'opencv_test' build argument 'cmake_clean_cache' from command line to 'False'
[1.101s] Level 5:colcon.colcon_core.verb:set package 'opencv_test' build argument 'cmake_clean_first' from command line to 'False'
[1.101s] Level 5:colcon.colcon_core.verb:set package 'opencv_test' build argument 'cmake_force_configure' from command line to 'False'
[1.101s] Level 5:colcon.colcon_core.verb:set package 'opencv_test' build argument 'ament_cmake_args' from command line to 'None'
[1.101s] Level 5:colcon.colcon_core.verb:set package 'opencv_test' build argument 'catkin_cmake_args' from command line to 'None'
[1.101s] Level 5:colcon.colcon_core.verb:set package 'opencv_test' build argument 'catkin_skip_building_tests' from command line to 'False'
[1.101s] DEBUG:colcon.colcon_core.verb:Building package 'opencv_test' with the following arguments: {'ament_cmake_args': None, 'build_base': '/home/kanixre/ros_ws1_wsl/ros2_ws1/build/opencv_test', 'catkin_cmake_args': None, 'catkin_skip_building_tests': False, 'cmake_args': None, 'cmake_clean_cache': False, 'cmake_clean_first': False, 'cmake_force_configure': False, 'cmake_target': None, 'cmake_target_skip_unavailable': False, 'install_base': '/home/kanixre/ros_ws1_wsl/ros2_ws1/install/opencv_test', 'merge_install': False, 'path': '/home/kanixre/ros_ws1_wsl/ros2_ws1/src/opencv_test', 'symlink_install': False, 'test_result_base': None}
[1.109s] Level 5:colcon.colcon_core.verb:set package 'robot_controller_1' build argument 'cmake_args' from command line to 'None'
[1.109s] Level 5:colcon.colcon_core.verb:set package 'robot_controller_1' build argument 'cmake_target' from command line to 'None'
[1.109s] Level 5:colcon.colcon_core.verb:set package 'robot_controller_1' build argument 'cmake_target_skip_unavailable' from command line to 'False'
[1.109s] Level 5:colcon.colcon_core.verb:set package 'robot_controller_1' build argument 'cmake_clean_cache' from command line to 'False'
[1.109s] Level 5:colcon.colcon_core.verb:set package 'robot_controller_1' build argument 'cmake_clean_first' from command line to 'False'
[1.109s] Level 5:colcon.colcon_core.verb:set package 'robot_controller_1' build argument 'cmake_force_configure' from command line to 'False'
[1.109s] Level 5:colcon.colcon_core.verb:set package 'robot_controller_1' build argument 'ament_cmake_args' from command line to 'None'
[1.109s] Level 5:colcon.colcon_core.verb:set package 'robot_controller_1' build argument 'catkin_cmake_args' from command line to 'None'
[1.109s] Level 5:colcon.colcon_core.verb:set package 'robot_controller_1' build argument 'catkin_skip_building_tests' from command line to 'False'
[1.109s] DEBUG:colcon.colcon_core.verb:Building package 'robot_controller_1' with the following arguments: {'ament_cmake_args': None, 'build_base': '/home/kanixre/ros_ws1_wsl/ros2_ws1/build/robot_controller_1', 'catkin_cmake_args': None, 'catkin_skip_building_tests': False, 'cmake_args': None, 'cmake_clean_cache': False, 'cmake_clean_first': False, 'cmake_force_configure': False, 'cmake_target': None, 'cmake_target_skip_unavailable': False, 'install_base': '/home/kanixre/ros_ws1_wsl/ros2_ws1/install/robot_controller_1', 'merge_install': False, 'path': '/home/kanixre/ros_ws1_wsl/ros2_ws1/src/robot_controller_1', 'symlink_install': False, 'test_result_base': None}
[1.118s] INFO:colcon.colcon_core.executor:Executing jobs using 'parallel' executor
[1.127s] DEBUG:colcon.colcon_parallel_executor.executor.parallel:run_until_complete
[1.128s] INFO:colcon.colcon_ros.task.ament_python.build:Building ROS package in '/home/kanixre/ros_ws1_wsl/ros2_ws1/src/opencv_test' with build type 'ament_python'
[1.128s] Level 1:colcon.colcon_core.shell:create_environment_hook('opencv_test', 'ament_prefix_path')
[1.139s] INFO:colcon.colcon_core.plugin_system:Skipping extension 'colcon_core.shell.bat': Not used on non-Windows systems
[1.139s] INFO:colcon.colcon_core.shell:Creating environment hook '/home/kanixre/ros_ws1_wsl/ros2_ws1/install/opencv_test/share/opencv_test/hook/ament_prefix_path.ps1'
[1.141s] INFO:colcon.colcon_core.shell:Creating environment descriptor '/home/kanixre/ros_ws1_wsl/ros2_ws1/install/opencv_test/share/opencv_test/hook/ament_prefix_path.dsv'
[1.141s] INFO:colcon.colcon_core.shell:Creating environment hook '/home/kanixre/ros_ws1_wsl/ros2_ws1/install/opencv_test/share/opencv_test/hook/ament_prefix_path.sh'
[1.151s] INFO:colcon.colcon_core.shell:Skip shell extension 'powershell' for command environment: Not usable outside of PowerShell
[1.151s] DEBUG:colcon.colcon_core.shell:Skip shell extension 'dsv' for command environment
[1.172s] INFO:colcon.colcon_ros.task.ament_python.build:Building ROS package in '/home/kanixre/ros_ws1_wsl/ros2_ws1/src/robot_controller_1' with build type 'ament_python'
[1.172s] Level 1:colcon.colcon_core.shell:create_environment_hook('robot_controller_1', 'ament_prefix_path')
[1.181s] INFO:colcon.colcon_core.shell:Creating environment hook '/home/kanixre/ros_ws1_wsl/ros2_ws1/install/robot_controller_1/share/robot_controller_1/hook/ament_prefix_path.ps1'
[1.182s] INFO:colcon.colcon_core.shell:Creating environment descriptor '/home/kanixre/ros_ws1_wsl/ros2_ws1/install/robot_controller_1/share/robot_controller_1/hook/ament_prefix_path.dsv'
[1.183s] INFO:colcon.colcon_core.shell:Creating environment hook '/home/kanixre/ros_ws1_wsl/ros2_ws1/install/robot_controller_1/share/robot_controller_1/hook/ament_prefix_path.sh'
[1.192s] INFO:colcon.colcon_core.shell:Skip shell extension 'powershell' for command environment: Not usable outside of PowerShell
[1.192s] DEBUG:colcon.colcon_core.shell:Skip shell extension 'dsv' for command environment
[1.419s] INFO:colcon.colcon_core.task.python.build:Building Python package in '/home/kanixre/ros_ws1_wsl/ros2_ws1/src/opencv_test'
[1.438s] INFO:colcon.colcon_core.shell:Skip shell extension 'powershell' for command environment: Not usable outside of PowerShell
[1.438s] DEBUG:colcon.colcon_core.shell:Skip shell extension 'dsv' for command environment
[1.634s] INFO:colcon.colcon_core.task.python.build:Building Python package in '/home/kanixre/ros_ws1_wsl/ros2_ws1/src/robot_controller_1'
[1.643s] INFO:colcon.colcon_core.shell:Skip shell extension 'powershell' for command environment: Not usable outside of PowerShell
[1.644s] DEBUG:colcon.colcon_core.shell:Skip shell extension 'dsv' for command environment
[1.962s] DEBUG:colcon.colcon_core.event_handler.log_command:Invoking command in '/home/kanixre/ros_ws1_wsl/ros2_ws1/src/robot_controller_1': PYTHONPATH=/home/kanixre/ros_ws1_wsl/ros2_ws1/build/robot_controller_1/prefix_override:/home/kanixre/ros_ws1_wsl/ros2_ws1/install/robot_controller_1/lib/python3.10/site-packages:${PYTHONPATH} /usr/bin/python3 setup.py egg_info --egg-base ../../build/robot_controller_1 build --build-base /home/kanixre/ros_ws1_wsl/ros2_ws1/build/robot_controller_1/build install --record /home/kanixre/ros_ws1_wsl/ros2_ws1/build/robot_controller_1/install.log --single-version-externally-managed
[1.965s] DEBUG:colcon.colcon_core.event_handler.log_command:Invoking command in '/home/kanixre/ros_ws1_wsl/ros2_ws1/src/opencv_test': PYTHONPATH=/home/kanixre/ros_ws1_wsl/ros2_ws1/build/opencv_test/prefix_override:/home/kanixre/ros_ws1_wsl/ros2_ws1/install/opencv_test/lib/python3.10/site-packages:${PYTHONPATH} /usr/bin/python3 setup.py egg_info --egg-base ../../build/opencv_test build --build-base /home/kanixre/ros_ws1_wsl/ros2_ws1/build/opencv_test/build install --record /home/kanixre/ros_ws1_wsl/ros2_ws1/build/opencv_test/install.log --single-version-externally-managed
[2.196s] DEBUG:colcon.colcon_core.event_handler.log_command:Invoked command in '/home/kanixre/ros_ws1_wsl/ros2_ws1/src/opencv_test' returned '0': PYTHONPATH=/home/kanixre/ros_ws1_wsl/ros2_ws1/build/opencv_test/prefix_override:/home/kanixre/ros_ws1_wsl/ros2_ws1/install/opencv_test/lib/python3.10/site-packages:${PYTHONPATH} /usr/bin/python3 setup.py egg_info --egg-base ../../build/opencv_test build --build-base /home/kanixre/ros_ws1_wsl/ros2_ws1/build/opencv_test/build install --record /home/kanixre/ros_ws1_wsl/ros2_ws1/build/opencv_test/install.log --single-version-externally-managed
[2.208s] Level 1:colcon.colcon_core.environment:checking '/home/kanixre/ros_ws1_wsl/ros2_ws1/install/opencv_test' for CMake module files
[2.208s] Level 1:colcon.colcon_core.environment:checking '/home/kanixre/ros_ws1_wsl/ros2_ws1/install/opencv_test' for CMake config files
[2.209s] Level 1:colcon.colcon_core.environment:checking '/home/kanixre/ros_ws1_wsl/ros2_ws1/install/opencv_test/lib'
[2.209s] Level 1:colcon.colcon_core.environment:checking '/home/kanixre/ros_ws1_wsl/ros2_ws1/install/opencv_test/bin'
[2.209s] Level 1:colcon.colcon_core.environment:checking '/home/kanixre/ros_ws1_wsl/ros2_ws1/install/opencv_test/lib/pkgconfig/opencv_test.pc'
[2.209s] Level 1:colcon.colcon_core.environment:checking '/home/kanixre/ros_ws1_wsl/ros2_ws1/install/opencv_test/lib/python3.10/site-packages'
[2.210s] Level 1:colcon.colcon_core.shell:create_environment_hook('opencv_test', 'pythonpath')
[2.218s] INFO:colcon.colcon_core.shell:Creating environment hook '/home/kanixre/ros_ws1_wsl/ros2_ws1/install/opencv_test/share/opencv_test/hook/pythonpath.ps1'
[2.219s] INFO:colcon.colcon_core.shell:Creating environment descriptor '/home/kanixre/ros_ws1_wsl/ros2_ws1/install/opencv_test/share/opencv_test/hook/pythonpath.dsv'
[2.219s] INFO:colcon.colcon_core.shell:Creating environment hook '/home/kanixre/ros_ws1_wsl/ros2_ws1/install/opencv_test/share/opencv_test/hook/pythonpath.sh'
[2.220s] Level 1:colcon.colcon_core.environment:checking '/home/kanixre/ros_ws1_wsl/ros2_ws1/install/opencv_test/bin'
[2.220s] Level 1:colcon.colcon_core.environment:create_environment_scripts_only(opencv_test)
[2.229s] INFO:colcon.colcon_core.shell:Creating package script '/home/kanixre/ros_ws1_wsl/ros2_ws1/install/opencv_test/share/opencv_test/package.ps1'
[2.230s] INFO:colcon.colcon_core.shell:Creating package descriptor '/home/kanixre/ros_ws1_wsl/ros2_ws1/install/opencv_test/share/opencv_test/package.dsv'
[2.230s] INFO:colcon.colcon_core.shell:Creating package script '/home/kanixre/ros_ws1_wsl/ros2_ws1/install/opencv_test/share/opencv_test/package.sh'
[2.231s] INFO:colcon.colcon_core.shell:Creating package script '/home/kanixre/ros_ws1_wsl/ros2_ws1/install/opencv_test/share/opencv_test/package.bash'
[2.231s] INFO:colcon.colcon_core.shell:Creating package script '/home/kanixre/ros_ws1_wsl/ros2_ws1/install/opencv_test/share/opencv_test/package.zsh'
[2.232s] Level 1:colcon.colcon_core.environment:create_file_with_runtime_dependencies(/home/kanixre/ros_ws1_wsl/ros2_ws1/install/opencv_test/share/colcon-core/packages/opencv_test)
[2.235s] DEBUG:colcon.colcon_core.event_handler.log_command:Invoked command in '/home/kanixre/ros_ws1_wsl/ros2_ws1/src/robot_controller_1' returned '0': PYTHONPATH=/home/kanixre/ros_ws1_wsl/ros2_ws1/build/robot_controller_1/prefix_override:/home/kanixre/ros_ws1_wsl/ros2_ws1/install/robot_controller_1/lib/python3.10/site-packages:${PYTHONPATH} /usr/bin/python3 setup.py egg_info --egg-base ../../build/robot_controller_1 build --build-base /home/kanixre/ros_ws1_wsl/ros2_ws1/build/robot_controller_1/build install --record /home/kanixre/ros_ws1_wsl/ros2_ws1/build/robot_controller_1/install.log --single-version-externally-managed
[2.245s] Level 1:colcon.colcon_core.environment:checking '/home/kanixre/ros_ws1_wsl/ros2_ws1/install/robot_controller_1' for CMake module files
[2.245s] Level 1:colcon.colcon_core.environment:checking '/home/kanixre/ros_ws1_wsl/ros2_ws1/install/robot_controller_1' for CMake config files
[2.246s] Level 1:colcon.colcon_core.environment:checking '/home/kanixre/ros_ws1_wsl/ros2_ws1/install/robot_controller_1/lib'
[2.246s] Level 1:colcon.colcon_core.environment:checking '/home/kanixre/ros_ws1_wsl/ros2_ws1/install/robot_controller_1/bin'
[2.246s] Level 1:colcon.colcon_core.environment:checking '/home/kanixre/ros_ws1_wsl/ros2_ws1/install/robot_controller_1/lib/pkgconfig/robot_controller_1.pc'
[2.247s] Level 1:colcon.colcon_core.environment:checking '/home/kanixre/ros_ws1_wsl/ros2_ws1/install/robot_controller_1/lib/python3.10/site-packages'
[2.247s] Level 1:colcon.colcon_core.shell:create_environment_hook('robot_controller_1', 'pythonpath')
[2.256s] INFO:colcon.colcon_core.shell:Creating environment hook '/home/kanixre/ros_ws1_wsl/ros2_ws1/install/robot_controller_1/share/robot_controller_1/hook/pythonpath.ps1'
[2.256s] INFO:colcon.colcon_core.shell:Creating environment descriptor '/home/kanixre/ros_ws1_wsl/ros2_ws1/install/robot_controller_1/share/robot_controller_1/hook/pythonpath.dsv'
[2.256s] INFO:colcon.colcon_core.shell:Creating environment hook '/home/kanixre/ros_ws1_wsl/ros2_ws1/install/robot_controller_1/share/robot_controller_1/hook/pythonpath.sh'
[2.257s] Level 1:colcon.colcon_core.environment:checking '/home/kanixre/ros_ws1_wsl/ros2_ws1/install/robot_controller_1/bin'
[2.257s] Level 1:colcon.colcon_core.environment:create_environment_scripts_only(robot_controller_1)
[2.266s] INFO:colcon.colcon_core.shell:Creating package script '/home/kanixre/ros_ws1_wsl/ros2_ws1/install/robot_controller_1/share/robot_controller_1/package.ps1'
[2.266s] INFO:colcon.colcon_core.shell:Creating package descriptor '/home/kanixre/ros_ws1_wsl/ros2_ws1/install/robot_controller_1/share/robot_controller_1/package.dsv'
[2.267s] INFO:colcon.colcon_core.shell:Creating package script '/home/kanixre/ros_ws1_wsl/ros2_ws1/install/robot_controller_1/share/robot_controller_1/package.sh'
[2.267s] INFO:colcon.colcon_core.shell:Creating package script '/home/kanixre/ros_ws1_wsl/ros2_ws1/install/robot_controller_1/share/robot_controller_1/package.bash'
[2.268s] INFO:colcon.colcon_core.shell:Creating package script '/home/kanixre/ros_ws1_wsl/ros2_ws1/install/robot_controller_1/share/robot_controller_1/package.zsh'
[2.268s] Level 1:colcon.colcon_core.environment:create_file_with_runtime_dependencies(/home/kanixre/ros_ws1_wsl/ros2_ws1/install/robot_controller_1/share/colcon-core/packages/robot_controller_1)
[2.268s] DEBUG:colcon.colcon_parallel_executor.executor.parallel:closing loop
[2.269s] DEBUG:colcon.colcon_parallel_executor.executor.parallel:loop closed
[2.269s] DEBUG:colcon.colcon_parallel_executor.executor.parallel:run_until_complete finished with '0'
[2.269s] DEBUG:colcon.colcon_core.event_reactor:joining thread
[2.335s] INFO:colcon.colcon_core.plugin_system:Skipping extension 'colcon_notification.desktop_notification.notify_send': Could not find 'notify-send'
[2.335s] INFO:colcon.colcon_core.plugin_system:Skipping extension 'colcon_notification.desktop_notification.terminal_notifier': Not used on non-Darwin systems
[2.335s] INFO:colcon.colcon_core.plugin_system:Skipping extension 'colcon_notification.desktop_notification.win32': Not used on non-Windows systems
[2.335s] INFO:colcon.colcon_notification.desktop_notification:Sending desktop notification using 'notify2'
[2.336s] DEBUG:colcon.colcon_notification.desktop_notification.notify2:Failed to initialize notify2: org.freedesktop.DBus.Error.FileNotFound: Failed to connect to socket /run/user/1000/bus: No such file or directory
[2.336s] DEBUG:colcon.colcon_core.event_reactor:joined thread
[2.346s] INFO:colcon.colcon_core.shell:Creating prefix script '/home/kanixre/ros_ws1_wsl/ros2_ws1/install/local_setup.ps1'
[2.347s] INFO:colcon.colcon_core.shell:Creating prefix util module '/home/kanixre/ros_ws1_wsl/ros2_ws1/install/_local_setup_util_ps1.py'
[2.348s] INFO:colcon.colcon_core.shell:Creating prefix chain script '/home/kanixre/ros_ws1_wsl/ros2_ws1/install/setup.ps1'
[2.358s] INFO:colcon.colcon_core.shell:Creating prefix script '/home/kanixre/ros_ws1_wsl/ros2_ws1/install/local_setup.sh'
[2.359s] INFO:colcon.colcon_core.shell:Creating prefix util module '/home/kanixre/ros_ws1_wsl/ros2_ws1/install/_local_setup_util_sh.py'
[2.359s] INFO:colcon.colcon_core.shell:Creating prefix chain script '/home/kanixre/ros_ws1_wsl/ros2_ws1/install/setup.sh'
[2.369s] INFO:colcon.colcon_core.shell:Creating prefix script '/home/kanixre/ros_ws1_wsl/ros2_ws1/install/local_setup.bash'
[2.369s] INFO:colcon.colcon_core.shell:Creating prefix chain script '/home/kanixre/ros_ws1_wsl/ros2_ws1/install/setup.bash'
[2.379s] INFO:colcon.colcon_core.shell:Creating prefix script '/home/kanixre/ros_ws1_wsl/ros2_ws1/install/local_setup.zsh'
[2.380s] INFO:colcon.colcon_core.shell:Creating prefix chain script '/home/kanixre/ros_ws1_wsl/ros2_ws1/install/setup.zsh'
